

<!DOCTYPE html>
<html>
<head>
<meta charset="UTF-8">
<meta name="viewport" content="width=device-width, initial-scale=1, shrink-to-fit=no">
<title>Extent</title>
<link rel="apple-touch-icon" href="https://cdn.jsdelivr.net/gh/extent-framework/extent-github-cdn@b00a2d0486596e73dd7326beacf352c639623a0e/commons/img/logo.png">
<link rel="shortcut icon" href="https://cdn.jsdelivr.net/gh/extent-framework/extent-github-cdn@b00a2d0486596e73dd7326beacf352c639623a0e/commons/img/logo.png">
<link href="https://cdn.jsdelivr.net/gh/extent-framework/extent-github-cdn@d6562a79075e061305ccfdb82f01e5e195e2d307/spark/css/spark-style.css" rel="stylesheet" />
<link href="https://stackpath.bootstrapcdn.com/font-awesome/4.7.0/css/font-awesome.min.css" rel="stylesheet">
<script src="https://cdn.jsdelivr.net/gh/extent-framework/extent-github-cdn@7cc78ce/spark/js/jsontree.js"></script>
<style type="text/css"></style></head><body class="spa bdd-report dark">
  <div class="app">
    <div class="layout">
<div class="header navbar">
<div class="vheader">
<div class="nav-logo">
<a href="#">
<div class="logo" style="background-image: url('https://cdn.jsdelivr.net/gh/extent-framework/extent-github-cdn@b00a2d0486596e73dd7326beacf352c639623a0e/commons/img/logo.png')"></div>
</a>
</div>
<ul class="nav-left">
<li class="search-box">
<a class="search-toggle" href="#">
<i class="search-icon fa fa-search"></i>
<i class="search-icon-close fa fa-close"></i>
</a>
</li>
<li class="search-input"><input id="search-tests" class="form-control" type="text" placeholder="Search..."></li>
</ul>
<ul class="nav-right">
<li class="m-r-10">
<a href="#"><span class="badge badge-primary">Grasshopper Report</span></a>
</li>
<li class="m-r-10">
<a href="#"><span class="badge badge-primary">Nov 30, 2023 07:54:27 PM</span></a>
</li>
</ul>
</div>
</div><div class="side-nav">
<div class="side-nav-inner">
<ul class="side-nav-menu">
<li class="nav-item dropdown" onclick="toggleView('dashboard-view')">
<a id="nav-dashboard" class="dropdown-toggle" href="#">
<span class="ico"><i class="fa fa-bar-chart"></i></span>
</a>
</li>
<li class="nav-item dropdown" onclick="toggleView('test-view')">
<a id="nav-test" class="dropdown-toggle" href="#">
<span class="ico"><i class="fa fa-list"></i></span>
</a>
</li>
<li class="nav-item dropdown" onclick="toggleView('category-view')">
<a id="nav-category" class="dropdown-toggle" href="#">
<span class="ico"><i class="fa fa-tag"></i></span>
</a>
</li>
<li class="nav-item dropdown" onclick="toggleView('exception-view')">
<a id="nav-exception" class="dropdown-toggle" href="#">
<span class="ico"><i class="fa fa-bug"></i></span>
</a>
</li>
</ul>
</div>
</div>      <div class="vcontainer">
        <div class="main-content">
<div class="container-fluid p-4 view dashboard-view">
<div class="row">
<div class="col-md-3">
<div class="card"><div class="card-body">
<p class="m-b-0">Started</p>
<h3>Nov 30, 2023 07:54:27 PM</h3>
</div></div>
</div>
<div class="col-md-3">
<div class="card"><div class="card-body">
<p class="m-b-0">Ended</p>
<h3>Nov 30, 2023 07:54:52 PM</h3>
</div></div>
</div>
<div class="col-md-3">
<div class="card"><div class="card-body">
<p class="m-b-0 text-pass">Features Passed</p>
<h3>2</h3>
</div></div>
</div>
<div class="col-md-3">
<div class="card"><div class="card-body">
<p class="m-b-0 text-fail">Features Failed</p>
<h3>1</h3>
</div></div>
</div>
</div>
<div class="row">
<div class="col-md-4">
<div class="card">
<div class="card-header">
<h6 class="card-title">Features</h6>
</div>
<div class="card-body">
<div class="">
<canvas id='parent-analysis' width='115' height='90'></canvas>
</div>
</div>
<div class="card-footer">
<div><small data-tooltip='66%'>
<b>2</b> features passed
</small>
</div>
<div>
<small data-tooltip='33%'><b>1</b> features failed,
<b>0</b> skipped, <b data-tooltip='0%'>0</b> others
</small>
</div>
</div>
</div>
</div>
<div class="col-md-4">
<div class="card">
<div class="card-header">
<h6 class="card-title">Scenarios</h6>
</div>
<div class="card-body">
<div class="">
<canvas id='child-analysis' width='115' height='90'></canvas>
</div>
</div>
<div class="card-footer">
<div><small data-tooltip='82%'><b>51</b> scenarios passed</small></div>
<div>
<small data-tooltip='17%'><b>11</b> scenarios failed,
<b>0</b> skipped, <b data-tooltip='%'>0</b> others
</small>
</div>
</div>
</div>
</div>
<div class="col-md-4">
<div class="card">
<div class="card-header">
<h6 class="card-title">Steps</h6>
</div>
<div class="card-body">
<div class="">
<canvas id='grandchild-analysis' width='115' height='90'></canvas>
</div>
</div>
<div class="card-footer">
<div><small data-tooltip='89%'><b>181</b> steps passed</small></div>
<div>
<small data-tooltip='5%'><b>11</b> steps failed,
<b>11</b> skipped, <b data-tooltip='%'>0</b> others
</small>
</div>
</div>
</div>
</div>
</div>
<div class="row"><div class="col-md-12">
<div class="card"><div class="card-header"><p>Timeline</p></div>
<div class="card-body pt-0"><div>
<canvas id="timeline" height="120"></canvas>
</div></div>
</div>
</div></div>
<script>
var timeline = {
"To Automate Introduction page of DS_Algo":4.49,"to automate Signin page of DS_Algo":2.161,"To Automate the page of Array":18.275
};
</script>
<div class="row">
<div class="col-lg-6 col-md-12 category-container">
<div class="card">
<div class="card-header"><p>Tags</p></div>
<div class="card-body pb-0 pt-0"><table class="table table-sm table-bordered">
<thead><tr class="bg-gray"><th>Name</th><th>Passed</th><th>Failed</th><th>Skipped</th><th>Others</th><th>Passed %</th></tr></thead><tbody>
<tr>
<td>@ComplexityPage</td>
<td>0</td>
<td>1</td>
<td>0</td>
<td>0</td>
<td>0%</td>
</tr>
<tr>
<td>@Signin_page(validUsernameInvPwd)</td>
<td>1</td>
<td>0</td>
<td>0</td>
<td>0</td>
<td>100%</td>
</tr>
<tr>
<td>@Signin_page(invalidusernamePwd)</td>
<td>1</td>
<td>0</td>
<td>0</td>
<td>0</td>
<td>100%</td>
</tr>
<tr>
<td>@Signin_page(validUsernameinvalidPassword)</td>
<td>1</td>
<td>0</td>
<td>0</td>
<td>0</td>
<td>100%</td>
</tr>
<tr>
<td>@Signin_page(link)</td>
<td>1</td>
<td>0</td>
<td>0</td>
<td>0</td>
<td>100%</td>
</tr>
<tr>
<td>@Signin_page(enteronlypwd)</td>
<td>1</td>
<td>0</td>
<td>0</td>
<td>0</td>
<td>100%</td>
</tr>
<tr>
<td>@HomePage</td>
<td>1</td>
<td>0</td>
<td>0</td>
<td>0</td>
<td>100%</td>
</tr>
<tr>
<td>@Intro_page</td>
<td>1</td>
<td>0</td>
<td>0</td>
<td>0</td>
<td>100%</td>
</tr>
<tr>
<td>@DSPage</td>
<td>1</td>
<td>0</td>
<td>0</td>
<td>0</td>
<td>100%</td>
</tr>
<tr>
<td>@Signin_page(enteronlyusername)</td>
<td>1</td>
<td>0</td>
<td>0</td>
<td>0</td>
<td>100%</td>
</tr>
<tr>
<td>@Signin_page(valid)</td>
<td>1</td>
<td>0</td>
<td>0</td>
<td>0</td>
<td>100%</td>
</tr>
<tr>
<td>@PracticePage</td>
<td>1</td>
<td>0</td>
<td>0</td>
<td>0</td>
<td>100%</td>
</tr>
<tr>
<td>@Signin_page(allBlank)</td>
<td>7</td>
<td>0</td>
<td>0</td>
<td>0</td>
<td>100%</td>
</tr>
<tr>
<td>@Start_page</td>
<td>1</td>
<td>0</td>
<td>0</td>
<td>0</td>
<td>100%</td>
</tr>
</tbody>
</table></div>
</div>
</div>
<div class="col-lg-6 col-md-12 sysenv-container">
<div class="card">
<div class="card-header"><p>System/Environment</p></div>
<div class="card-body pb-0 pt-0"><table class="table table-sm table-bordered">
<thead><tr class="bg-gray"><th>Name</th><th>Value</th></tr></thead>
<tbody>
<tr>
<td>AppName</td>
<td>DS_AlgoCh</td>
</tr>
<tr>
<td>user</td>
<td>TrioChallengers</td>
</tr>
<tr>
<td>version</td>
<td>10</td>
</tr>
<tr>
<td>build</td>
<td>1.1</td>
</tr>
<tr>
<td>os</td>
<td>windows</td>
</tr>
</tbody>
</table></div>
</div>
</div>
</div>
</div>
<script>
var statusGroup = {
parentCount: 5,
passParent: 2,
failParent: 1,
warningParent: 0,
skipParent: 0,
childCount: 5,
passChild: 51,
failChild: 11,
warningChild: 0,
skipChild: 0,
infoChild: 0,
grandChildCount: 5,
passGrandChild: 181,
failGrandChild: 11,
warningGrandChild: 0,
skipGrandChild: 11,
infoGrandChild: 0,
eventsCount: 5,
};
</script><div class="test-wrapper row view test-view">
  <div class="test-list">
    <div class="test-list-tools">
<ul class="tools pull-left">
<li><a href="#"><span class="font-size-14">Tests</span></a></li>
</ul>
<ul class="tools text-right">
<li class="dropdown">
<a href="#" class="dropdown-toggle" data-toggle="dropdown"><i class="fa fa-exclamation-circle"></i></a>
<ul id="status-toggle" class="dropdown-menu dropdown-md p-v-0">
<a class="dropdown-item" status="pass" href="#"><span>Pass</span><span class="status success"></span></a>
<a class="dropdown-item" status="fail" href="#"><span>Fail</span><span class="status danger"></span></a>
<div class="dropdown-divider"></div>
<a status="clear" class="dropdown-item" href="#"><span>Clear</span><span class="pull-right"><i class="fa fa-close"></i></span></a>
</ul>
</li>
<li class="dropdown">
<a href="#" class="dropdown-toggle" data-toggle="dropdown"><i class="fa fa-tag"></i></a>
<ul id="tag-toggle" class="dropdown-menu dropdown-md p-v-0">
<a class="dropdown-item" href="#">@ComplexityPage</a><a class="dropdown-item" href="#">@Signin_page(validUsernameInvPwd)</a><a class="dropdown-item" href="#">@Signin_page(invalidusernamePwd)</a><a class="dropdown-item" href="#">@Signin_page(validUsernameinvalidPassword)</a><a class="dropdown-item" href="#">@Signin_page(link)</a><a class="dropdown-item" href="#">@Signin_page(enteronlypwd)</a><a class="dropdown-item" href="#">@HomePage</a><a class="dropdown-item" href="#">@Intro_page</a><a class="dropdown-item" href="#">@DSPage</a><a class="dropdown-item" href="#">@Signin_page(enteronlyusername)</a><a class="dropdown-item" href="#">@Signin_page(valid)</a><a class="dropdown-item" href="#">@PracticePage</a><a class="dropdown-item" href="#">@Signin_page(allBlank)</a><a class="dropdown-item" href="#">@Start_page</a>
</ul>
</li>
</ul>
</div>    <div class="test-list-wrapper scrollable">
      <ul class="test-list-item">
        <li class="test-item"  status="pass" test-id="1"
          author=""
          tag=""
          device="">
          <div class="test-detail">
            <p class="name">To Automate Introduction page of DS_Algo</p>
            <p class="text-sm">
              <span>7:54:27 PM</span> / <span>00:00:04:490</span>
              <span class="badge pass-bg log float-right">Pass</span>
            </p>
          </div>
          <div class="test-contents d-none">
<div class="detail-head">
<div class="p-v-10">
<div class="info">
<h5 class="test-status text-pass">To Automate Introduction page of DS_Algo</h5>
<span class='badge badge-success'>11.30.2023 7:54:27 PM</span>
<span class='badge badge-danger'>11.30.2023 7:54:32 PM</span>
<span class='badge badge-default'>00:00:04:490</span>
&middot; <span class='uri-anchor badge badge-default'>#test-id=1</span>
<span class='badge badge-default pointer float-right ml-1 et'><i class="fa fa-chevron-down"></i></span>
<span class='badge badge-default pointer float-right ct'><i class="fa fa-chevron-up"></i></span>
</div>
<div class="m-t-10 m-l-5"></div>
</div>
</div>
<div class="accordion mt-4">
  <div class="card">
    <div class="card-header" role="tab">
      <div class="card-title">
        <div class="node" id="2"><span class="badge log pass-bg mr-2">Pass</span>Browser page</div>
      </div>
    </div>
        <div class="scenario_outline collapse">
            <div class="card-body l1">
              <div class="card-header">
                <div class="card-title outline-child">
                  <div class="node" id="3"><span class="badge log pass-bg mr-2">Pass</span>Browser page</div>
                </div>
              </div>
              <div class="card-body mt-3 collapse">
                  <div class="step pass-bg">
                    <span>Given The user should be open the browser</span>
      <div>
      </div>
                  </div>
                  <div class="step pass-bg">
                    <span>When The user enter the DS_Algo Portal https://dsportalapp.herokuapp.com/</span>
      <div>
      </div>
                  </div>
                  <div class="step pass-bg">
                    <span>Then The user should landed on the DS_Algo Get Started page with message "You are at the right place"</span>
      <div>
      </div>
                  </div>
              </div>
            </div>
        </div>
  </div>
  <div class="card">
    <div class="card-header" role="tab">
      <div class="card-title">
        <div class="node" id="9"><span class="badge log pass-bg mr-2">Pass</span>DS Algo Get Started page</div>
      </div>
    </div>
        <div class="collapse">
          <div class="card-body">
              <div class="step pass-bg" title="steppDef.ds_AlgoPortalSteps.the_user_should_open_the_ds_algo_portal_url_in_any_supported_browser()">
                <span>Given The user should open the DS Algo Portal URL in any supported browser</span>
      <div>
      </div>
              </div>
              <div class="step pass-bg" title="steppDef.ds_AlgoPortalSteps.the_user_clicks_the_get_started_button()">
                <span>When The user clicks the Get Started button</span>
      <div>
      </div>
              </div>
              <div class="step pass-bg" title="steppDef.ds_AlgoPortalSteps.the_user_should_land_in_data_structure_introduction_page_with_and_links(java.lang.String,java.lang.String)">
                <span>Then The user should land in Data Structure Introduction Page with "Register" and "Sign in" links</span>
      <div>
      </div>
              </div>
          </div>
        </div>
  </div>
  <div class="card">
    <div class="card-header" role="tab">
      <div class="card-title">
        <div class="node" id="15"><span class="badge log pass-bg mr-2">Pass</span>DS Introduction page</div>
      </div>
    </div>
        <div class="collapse">
          <div class="card-body">
              <div class="step pass-bg" title="steppDef.ds_AlgoPortalSteps.the_user_is_on_the_ds_introduction_page()">
                <span>Given The user is on the DS Introduction page</span>
      <div>
      </div>
              </div>
              <div class="step pass-bg" title="steppDef.ds_AlgoPortalSteps.the_user_clicks_the_data_structure_dropdown_arrow()">
                <span>When The user clicks the data structure dropdown  arrow</span>
      <div>
      </div>
              </div>
              <div class="step pass-bg" title="steppDef.ds_AlgoPortalSteps.the_user_should_able_to_see_options_arrays_in_dropdown_menu(java.lang.Integer,java.lang.String)">
                <span>Then The user should able to see 6 options Arrays "Linked,List,Stack,Queue,Tree,Graph" in dropdown menu</span>
      <div>
      </div>
              </div>
          </div>
        </div>
  </div>
  <div class="card">
    <div class="card-header" role="tab">
      <div class="card-title">
        <div class="node" id="21"><span class="badge log pass-bg mr-2">Pass</span>DS Introduction page</div>
      </div>
    </div>
        <div class="collapse">
          <div class="card-body">
              <div class="step pass-bg" title="steppDef.ds_AlgoPortalSteps.the_user_is_on_the_ds_introduction_page()">
                <span>Given The user is on the DS Introduction page</span>
      <div>
      </div>
              </div>
              <div class="step pass-bg" title="steppDef.ds_AlgoPortalSteps.the_user_selects_any_data_structures_item_from_the_drop_down_without_sign_in()">
                <span>When The user selects any data structures item from the drop down without Sign in.</span>
      <div>
      </div>
              </div>
              <div class="step pass-bg" title="steppDef.ds_AlgoPortalSteps.the_user_should_able_to_see_an_warning_message(java.lang.String)">
                <span>Then The user should able to see an warning message "You are not logged in"</span>
      <div>
      </div>
              </div>
          </div>
        </div>
  </div>
  <div class="card">
    <div class="card-header" role="tab">
      <div class="card-title">
        <div class="node" id="27"><span class="badge log pass-bg mr-2">Pass</span>DS Introduction page</div>
      </div>
    </div>
        <div class="collapse">
          <div class="card-body">
              <div class="step pass-bg" title="steppDef.ds_AlgoPortalSteps.the_user_is_on_the_ds_introduction_page()">
                <span>Given The user is on the DS Introduction page</span>
      <div>
      </div>
              </div>
              <div class="step pass-bg" title="steppDef.ds_AlgoPortalSteps.the_user_clicks_any_buttons_of_data_structures_on_the_ds_introduction_page(java.lang.String)">
                <span>When The user clicks any "Get Started" buttons of data structures  on the DS Introduction page</span>
      <div>
      </div>
              </div>
              <div class="step pass-bg" title="steppDef.ds_AlgoPortalSteps.the_user_should_able_to_see_an_warning_message(java.lang.String)">
                <span>Then The user should able to see an warning message "You are not logged in"</span>
      <div>
      </div>
              </div>
          </div>
        </div>
  </div>
</div>
          </div>
        </li>
        <li class="test-item"  status="pass" test-id="33"
          author=""
          tag=""
          device="">
          <div class="test-detail">
            <p class="name">to automate Signin page of DS_Algo</p>
            <p class="text-sm">
              <span>7:54:32 PM</span> / <span>00:00:02:161</span>
              <span class="badge pass-bg log float-right">Pass</span>
            </p>
          </div>
          <div class="test-contents d-none">
<div class="detail-head">
<div class="p-v-10">
<div class="info">
<h5 class="test-status text-pass">to automate Signin page of DS_Algo</h5>
<span class='badge badge-success'>11.30.2023 7:54:32 PM</span>
<span class='badge badge-danger'>11.30.2023 7:54:34 PM</span>
<span class='badge badge-default'>00:00:02:161</span>
&middot; <span class='uri-anchor badge badge-default'>#test-id=33</span>
<span class='badge badge-default pointer float-right ml-1 et'><i class="fa fa-chevron-down"></i></span>
<span class='badge badge-default pointer float-right ct'><i class="fa fa-chevron-up"></i></span>
</div>
<div class="m-t-10 m-l-5"></div>
</div>
</div>
<div class="accordion mt-4">
  <div class="card">
    <div class="card-header" role="tab">
      <div class="card-title">
        <div class="node" id="34"><span class="badge log pass-bg mr-2">Pass</span>DS Algo Introduction Page</div>
      </div>
    </div>
        <div class="collapse">
          <div class="card-body">
              <div class="step pass-bg" title="steppDef.ds_AlgoSigninSteps.the_user_is_on_the_ds_algo_introduction_page()">
                <span>Given The user is on the DS Algo Introduction Page</span>
      <div>
      </div>
              </div>
              <div class="step pass-bg" title="steppDef.ds_AlgoSigninSteps.the_user_should_click_the_sign_in_link()">
                <span>When The user should click the Sign in link</span>
      <div>
      </div>
              </div>
              <div class="step pass-bg" title="steppDef.ds_AlgoSigninSteps.the_user_should_be_redirected_to_sign_in_page()">
                <span>Then The user should be redirected to Sign in page</span>
      <div>
      </div>
              </div>
              <div class="step pass-bg" title="steppDef.ds_AlgoSigninSteps.the_user_is_able_to_see_link_below_the_text_boxes(java.lang.String)">
                <span>And The user is able to see "Register!" link  below the text boxes</span>
      <div>
      </div>
              </div>
          </div>
        </div>
  </div>
  <div class="card">
    <div class="card-header" role="tab">
      <div class="card-title">
        <div class="node" id="41"><span class="badge log pass-bg mr-2">Pass</span>DS Algo Introduction Page</div>
      </div>
    </div>
        <div class="scenario_outline collapse">
            <div class="card-body l1">
              <div class="card-header">
                <div class="card-title outline-child">
                  <div class="node" id="42"><span class="badge log pass-bg mr-2">Pass</span>DS Algo Introduction Page</div>
                </div>
              </div>
              <div class="card-body mt-3 collapse">
                  <div class="step pass-bg">
                    <span>Given The user is on the DS Algo Introduction Page</span>
      <div>
      </div>
                  </div>
                  <div class="step pass-bg">
                    <span>When The user clicks login button after leaving the "" textbox and "" textbox blank</span>
      <div>
      </div>
                  </div>
                  <div class="step pass-bg">
                    <span>Then The error message "Please fill out this field." appears below Username textbox</span>
      <div>
      </div>
                  </div>
              </div>
            </div>
            <div class="card-body l1">
              <div class="card-header">
                <div class="card-title outline-child">
                  <div class="node" id="48"><span class="badge log pass-bg mr-2">Pass</span>DS Algo Introduction Page</div>
                </div>
              </div>
              <div class="card-body mt-3 collapse">
                  <div class="step pass-bg">
                    <span>Given The user is on the DS Algo Introduction Page</span>
      <div>
      </div>
                  </div>
                  <div class="step pass-bg">
                    <span>When The user clicks login button after entering the "Trioteamchallengers" and leaves "" textbox blank</span>
      <div>
      </div>
                  </div>
                  <div class="step pass-bg">
                    <span>Then The error message "Please fill out this field." appears below Pwd textbox</span>
      <div>
      </div>
                  </div>
              </div>
            </div>
            <div class="card-body l1">
              <div class="card-header">
                <div class="card-title outline-child">
                  <div class="node" id="54"><span class="badge log pass-bg mr-2">Pass</span>DS Algo Introduction Page</div>
                </div>
              </div>
              <div class="card-body mt-3 collapse">
                  <div class="step pass-bg">
                    <span>Given The user is on the DS Algo Introduction Page</span>
      <div>
      </div>
                  </div>
                  <div class="step pass-bg">
                    <span>When The user clicks login button after entering the "ds@qateam334h" only.</span>
      <div>
      </div>
                  </div>
                  <div class="step pass-bg">
                    <span>Then The error message "Please fill out this field." appears below Username textbox</span>
      <div>
      </div>
                  </div>
              </div>
            </div>
            <div class="card-body l1">
              <div class="card-header">
                <div class="card-title outline-child">
                  <div class="node" id="60"><span class="badge log pass-bg mr-2">Pass</span>DS Algo Introduction Page</div>
                </div>
              </div>
              <div class="card-body mt-3 collapse">
                  <div class="step pass-bg">
                    <span>Given The user is on the DS Algo Introduction Page</span>
      <div>
      </div>
                  </div>
                  <div class="step pass-bg">
                    <span>When The user clicks login button after entering invalid "teamchallengers" and invalid "ds@qateam334h"</span>
      <div>
      </div>
                  </div>
                  <div class="step pass-bg">
                    <span>Then The user should able to see an error message "Invalid Username and Password".</span>
      <div>
      </div>
                  </div>
              </div>
            </div>
            <div class="card-body l1">
              <div class="card-header">
                <div class="card-title outline-child">
                  <div class="node" id="66"><span class="badge log pass-bg mr-2">Pass</span>DS Algo Introduction Page</div>
                </div>
              </div>
              <div class="card-body mt-3 collapse">
                  <div class="step pass-bg">
                    <span>Given The user is on the DS Algo Introduction Page</span>
      <div>
      </div>
                  </div>
                  <div class="step pass-bg">
                    <span>When The user clicks login button after entering valid "Trioteamchallengers" and invalid ""</span>
      <div>
      </div>
                  </div>
                  <div class="step pass-bg">
                    <span>Then The user should able to see an error message "Invalid Username and Password".</span>
      <div>
      </div>
                  </div>
              </div>
            </div>
            <div class="card-body l1">
              <div class="card-header">
                <div class="card-title outline-child">
                  <div class="node" id="72"><span class="badge log pass-bg mr-2">Pass</span>DS Algo Introduction Page</div>
                </div>
              </div>
              <div class="card-body mt-3 collapse">
                  <div class="step pass-bg">
                    <span>Given The user is on the DS Algo Introduction Page</span>
      <div>
      </div>
                  </div>
                  <div class="step pass-bg">
                    <span>When The user clicks login button after entering valid "Trioteamchallengers" and invalid "ds@qateam334h"</span>
      <div>
      </div>
                  </div>
                  <div class="step pass-bg">
                    <span>Then The error message "Please fill out this field." appears below Username textbox</span>
      <div>
      </div>
                  </div>
              </div>
            </div>
            <div class="card-body l1">
              <div class="card-header">
                <div class="card-title outline-child">
                  <div class="node" id="78"><span class="badge log pass-bg mr-2">Pass</span>DS Algo Introduction Page</div>
                </div>
              </div>
              <div class="card-body mt-3 collapse">
                  <div class="step pass-bg">
                    <span>Given The user is on the DS Algo Introduction Page</span>
      <div>
      </div>
                  </div>
                  <div class="step pass-bg">
                    <span>When The user clicks login button after entering valid "Trioteamchallengers" and valid "triothebest@123"</span>
      <div>
      </div>
                  </div>
                  <div class="step pass-bg">
                    <span>Then The user should land in Data Structure Home Page with "You are logged in" message</span>
      <div>
      </div>
                  </div>
              </div>
            </div>
        </div>
  </div>
</div>
          </div>
        </li>
        <li class="test-item"  status="fail" test-id="84"
          author=""
          tag=""
          device="">
          <div class="test-detail">
            <p class="name">To Automate the page of Array</p>
            <p class="text-sm">
              <span>7:54:34 PM</span> / <span>00:00:18:275</span>
              <span class="badge fail-bg log float-right">Fail</span>
            </p>
          </div>
          <div class="test-contents d-none">
<div class="detail-head">
<div class="p-v-10">
<div class="info">
<h5 class="test-status text-fail">To Automate the page of Array</h5>
<span class='badge badge-success'>11.30.2023 7:54:34 PM</span>
<span class='badge badge-danger'>11.30.2023 7:54:52 PM</span>
<span class='badge badge-default'>00:00:18:275</span>
&middot; <span class='uri-anchor badge badge-default'>#test-id=84</span>
<span class='badge badge-default pointer float-right ml-1 et'><i class="fa fa-chevron-down"></i></span>
<span class='badge badge-default pointer float-right ct'><i class="fa fa-chevron-up"></i></span>
</div>
<div class="m-t-10 m-l-5"></div>
</div>
</div>
<div class="accordion mt-4">
  <div class="card">
    <div class="card-header" role="tab">
      <div class="card-title">
        <div class="node" id="85"><span class="badge log pass-bg mr-2">Pass</span>Home Page</div>
      </div>
    </div>
        <div class="collapse">
          <div class="card-body">
              <div class="step pass-bg" title="steppDef.ds_AlgoPortalSteps.the_user_is_on_the_ds_algo_home_page()">
                <span>Given The user is on the DS Algo Home Page</span>
      <div>
      </div>
              </div>
              <div class="step pass-bg" title="steppDef.ds_AlgoDataStructInt.the_user_clicks_get_started_button_below_the_data_structures_introduction()">
                <span>When The user clicks  Get Started button below the Data structures-Introduction</span>
      <div>
      </div>
              </div>
              <div class="step pass-bg" title="steppDef.ds_AlgoDataStructInt.the_user_should_land_in_ds_page(java.lang.String)">
                <span>Then The user should land in "Data Structures-Introduction Page" DS page</span>
      <div>
      </div>
              </div>
          </div>
        </div>
  </div>
  <div class="card">
    <div class="card-header" role="tab">
      <div class="card-title">
        <div class="node" id="91"><span class="badge log pass-bg mr-2">Pass</span>Data Structure Home page</div>
      </div>
    </div>
        <div class="collapse">
          <div class="card-body">
              <div class="step pass-bg" title="steppDef.ds_AlgoDataStructInt.the_user_is_on_the_data_structure_introduction_page()">
                <span>Given The user is on the Data Structure Introduction Page</span>
      <div>
      </div>
              </div>
              <div class="step pass-bg" title="steppDef.ds_AlgoDataStructInt.the_user_clicks_time_complexity_link()">
                <span>When The user clicks Time Complexity link</span>
      <div>
      </div>
              </div>
              <div class="step pass-bg" title="steppDef.ds_AlgoDataStructInt.the_user_should_be_redirected_to_tc_page(java.lang.String)">
                <span>Then The user should be redirected to "Time Complexity" TC page</span>
      <div>
      </div>
              </div>
          </div>
        </div>
  </div>
  <div class="card">
    <div class="card-header" role="tab">
      <div class="card-title">
        <div class="node" id="97"><span class="badge log fail-bg mr-2">Fail</span>Time Complexity Page</div>
      </div>
    </div>
        <div class="">
          <div class="card-body">
              <div class="step pass-bg" title="steppDef.ds_AlgoDataStructInt.the_user_is_on_the_time_complexity_page()">
                <span>Given The user is on the Time Complexity Page</span>
      <div>
      </div>
              </div>
              <div class="step pass-bg" title="steppDef.ds_AlgoDataStructInt.the_user_clicks_try_here_button_of_time_complexity_page()">
                <span>When The user clicks Try Here  button of Time Complexity page</span>
      <div>
      </div>
              </div>
              <div class="step fail-bg" title="steppDef.ds_AlgoArraySteps.the_user_should_be_redirected_to_a_page_having_an_python_editor_with_a_url(java.lang.String)">
                <span>Then The user should be redirected to a page having an Python Editor with a url "https://dsportalapp.herokuapp.com/tryEditor"</span>
      <div>
        <textarea disabled class="code-block">java.lang.AssertionError: expected [https://dsportalapp.herokuapp.com/tryEditor] but found [https://dsportalapp.herokuapp.com/data-structures-introduction/time-complexity/]
	at org.testng.Assert.fail(Assert.java:111)
	at org.testng.Assert.failNotEquals(Assert.java:1578)
	at org.testng.Assert.assertEqualsImpl(Assert.java:150)
	at org.testng.Assert.assertEquals(Assert.java:132)
	at org.testng.Assert.assertEquals(Assert.java:656)
	at org.testng.Assert.assertEquals(Assert.java:666)
	at steppDef.ds_AlgoArraySteps.the_user_should_be_redirected_to_a_page_having_an_python_editor_with_a_url(ds_AlgoArraySteps.java:68)
	at ✽.The user should be redirected to a page having an Python Editor with a url "https://dsportalapp.herokuapp.com/tryEditor"(file:///C:/Users/enggn/eclipse-workspace/DS_AlgoCh/src/test/resources/feature/04_dsDataStructInt.feature:19)
</textarea>
      
      </div>
              </div>
          </div>
        </div>
  </div>
  <div class="card">
    <div class="card-header" role="tab">
      <div class="card-title">
        <div class="node" id="103"><span class="badge log pass-bg mr-2">Pass</span>Python Editor page without data</div>
      </div>
    </div>
        <div class="collapse">
          <div class="card-body">
              <div class="step pass-bg" title="steppDef.ds_AlgoTryEditorSteps.the_user_is_on_try_editor_page()">
                <span>Given The user is on tryEditor page</span>
      <div>
      </div>
              </div>
              <div class="step pass-bg" title="steppDef.ds_AlgoTryEditorSteps.the_user_clicks_the_run_button_without_entring_the_code_in_the_editor()">
                <span>When The user clicks the run button without entring the code in the Editor</span>
      <div>
      </div>
              </div>
              <div class="step pass-bg" title="steppDef.ds_AlgoTryEditorSteps.nothing_happens_to_the_page_and_no_error_message_is_displayed()">
                <span>Then Nothing happens to the page and no error message is displayed</span>
      <div>
      </div>
              </div>
          </div>
        </div>
  </div>
  <div class="card">
    <div class="card-header" role="tab">
      <div class="card-title">
        <div class="node" id="109"><span class="badge log fail-bg mr-2">Fail</span>Python Editor page with Invalid data</div>
      </div>
    </div>
        <div class="scenario_outline ">
            <div class="card-body l1">
              <div class="card-header">
                <div class="card-title outline-child">
                  <div class="node" id="110"><span class="badge log pass-bg mr-2">Pass</span>Python Editor page with Invalid data</div>
                </div>
              </div>
              <div class="card-body mt-3 collapse">
                  <div class="step pass-bg">
                    <span>Given User is on the tryEditor page</span>
      <div>
      </div>
                  </div>
                  <div class="step pass-bg">
                    <span>And enters the data in the Editor after reading data from excel sheet "Python_code" with column_name "Python_Invalid_Data" and row_number 2</span>
      <div>
      </div>
                  </div>
                  <div class="step pass-bg">
                    <span>When The User clicks a run button</span>
      <div>
      </div>
                  </div>
                  <div class="step pass-bg">
                    <span>Then The user see error msg in alert window and press ok button</span>
      <div>
      </div>
                  </div>
              </div>
            </div>
            <div class="card-body l1">
              <div class="card-header">
                <div class="card-title outline-child">
                  <div class="node" id="161"><span class="badge log pass-bg mr-2">Pass</span>Python Editor page with Invalid data</div>
                </div>
              </div>
              <div class="card-body mt-3 collapse">
                  <div class="step pass-bg">
                    <span>Given User is on the tryEditor page</span>
      <div>
      </div>
                  </div>
                  <div class="step pass-bg">
                    <span>And enters the data in the Editor after reading data from excel sheet "Python_code" with column_name "Python_Invalid_Data" and row_number 2</span>
      <div>
      </div>
                  </div>
                  <div class="step pass-bg">
                    <span>When The User clicks a run button</span>
      <div>
      </div>
                  </div>
                  <div class="step pass-bg">
                    <span>Then The user see error msg in alert window and press ok button</span>
      <div>
      </div>
                  </div>
              </div>
            </div>
            <div class="card-body l1">
              <div class="card-header">
                <div class="card-title outline-child">
                  <div class="node" id="199"><span class="badge log fail-bg mr-2">Fail</span>Python Editor page with Invalid data</div>
                </div>
              </div>
              <div class="card-body mt-3 ">
                  <div class="step pass-bg">
                    <span>Given User is on the tryEditor page</span>
      <div>
      </div>
                  </div>
                  <div class="step fail-bg">
                    <span>And enters the data in the Editor after reading data from excel sheet "Python_code" with column_name "Python_Invalid_Data" and row_number 2</span>
      <div>
        <textarea disabled class="code-block">org.openqa.selenium.NoSuchElementException: no such element: Unable to locate element: {"method":"xpath","selector":"//*[@id="answer_form"]/div/div/div[6]/div[1]/div/div/div/div[5]/div/pre"}
  (Session info: chrome=119.0.6045.199)
For documentation on this error, please visit: https://www.selenium.dev/documentation/webdriver/troubleshooting/errors#no-such-element-exception
Build info: version: '4.15.0', revision: '1d14b5521b'
System info: os.name: 'Windows 11', os.arch: 'amd64', os.version: '10.0', java.version: '19.0.2'
Driver info: org.openqa.selenium.chrome.ChromeDriver
Command: [a9634fdcb18d70e65e5549da1dc8e919, findElement {using=xpath, value=//*[@id="answer_form"]/div/div/div[6]/div[1]/div/div/div/div[5]/div/pre}]
Capabilities {acceptInsecureCerts: false, browserName: chrome, browserVersion: 119.0.6045.199, chrome: {chromedriverVersion: 119.0.6045.105 (38c72552c5e..., userDataDir: C:\Users\enggn\AppData\Loca...}, fedcm:accounts: true, goog:chromeOptions: {debuggerAddress: localhost:28608}, networkConnectionEnabled: false, pageLoadStrategy: normal, platformName: windows, proxy: Proxy(), se:cdp: ws://localhost:28608/devtoo..., se:cdpVersion: 119.0.6045.199, setWindowRect: true, strictFileInteractability: false, timeouts: {implicit: 0, pageLoad: 300000, script: 30000}, unhandledPromptBehavior: dismiss and notify, webauthn:extension:credBlob: true, webauthn:extension:largeBlob: true, webauthn:extension:minPinLength: true, webauthn:extension:prf: true, webauthn:virtualAuthenticators: true}
Session ID: a9634fdcb18d70e65e5549da1dc8e919
	at java.base/jdk.internal.reflect.DirectConstructorHandleAccessor.newInstance(DirectConstructorHandleAccessor.java:67)
	at java.base/java.lang.reflect.Constructor.newInstanceWithCaller(Constructor.java:500)
	at java.base/java.lang.reflect.Constructor.newInstance(Constructor.java:484)
	at org.openqa.selenium.remote.codec.w3c.W3CHttpResponseCodec.createException(W3CHttpResponseCodec.java:200)
	at org.openqa.selenium.remote.codec.w3c.W3CHttpResponseCodec.decode(W3CHttpResponseCodec.java:133)
	at org.openqa.selenium.remote.codec.w3c.W3CHttpResponseCodec.decode(W3CHttpResponseCodec.java:52)
	at org.openqa.selenium.remote.HttpCommandExecutor.execute(HttpCommandExecutor.java:191)
	at org.openqa.selenium.remote.service.DriverCommandExecutor.invokeExecute(DriverCommandExecutor.java:200)
	at org.openqa.selenium.remote.service.DriverCommandExecutor.execute(DriverCommandExecutor.java:175)
	at org.openqa.selenium.remote.RemoteWebDriver.execute(RemoteWebDriver.java:607)
	at org.openqa.selenium.remote.ElementLocation$ElementFinder$2.findElement(ElementLocation.java:165)
	at org.openqa.selenium.remote.ElementLocation.findElement(ElementLocation.java:59)
	at org.openqa.selenium.remote.RemoteWebDriver.findElement(RemoteWebDriver.java:364)
	at org.openqa.selenium.remote.RemoteWebDriver.findElement(RemoteWebDriver.java:358)
	at org.openqa.selenium.support.pagefactory.DefaultElementLocator.findElement(DefaultElementLocator.java:68)
	at org.openqa.selenium.support.pagefactory.internal.LocatingElementHandler.invoke(LocatingElementHandler.java:38)
	at jdk.proxy2/jdk.proxy2.$Proxy29.isDisplayed(Unknown Source)
	at pages.DSTryhere_PF.enterInvalidCode(DSTryhere_PF.java:76)
	at steppDef.ds_AlgoTryEditorSteps.enters_the_data_in_the_editor_after_reading_data_from_excel_sheet_with_column_name_and_row_number(ds_AlgoTryEditorSteps.java:85)
	at ✽.enters the data in the Editor after reading data from excel sheet "Python_code" with column_name "Python_Invalid_Data" and row_number 2(file:///C:/Users/enggn/eclipse-workspace/DS_AlgoCh/src/test/resources/feature/05_dsArray.feature:66)
</textarea>
      
      </div>
                  </div>
                  <div class="step skip-bg">
                    <span>When The User clicks a run button</span>
      <div>Step skipped
      </div>
                  </div>
                  <div class="step skip-bg">
                    <span>Then The user see error msg in alert window and press ok button</span>
      <div>Step skipped
      </div>
                  </div>
              </div>
            </div>
            <div class="card-body l1">
              <div class="card-header">
                <div class="card-title outline-child">
                  <div class="node" id="237"><span class="badge log fail-bg mr-2">Fail</span>Python Editor page with Invalid data</div>
                </div>
              </div>
              <div class="card-body mt-3 ">
                  <div class="step pass-bg">
                    <span>Given User is on the tryEditor page</span>
      <div>
      </div>
                  </div>
                  <div class="step fail-bg">
                    <span>And enters the data in the Editor after reading data from excel sheet "Python_code" with column_name "Python_Invalid_Data" and row_number 2</span>
      <div>
        <textarea disabled class="code-block">org.openqa.selenium.json.JsonException: java.lang.reflect.InvocationTargetException
Build info: version: '4.15.0', revision: '1d14b5521b'
System info: os.name: 'Windows 11', os.arch: 'amd64', os.version: '10.0', java.version: '19.0.2'
Driver info: org.openqa.selenium.chrome.ChromeDriver
Command: [a9634fdcb18d70e65e5549da1dc8e919, actions {actions=[org.openqa.selenium.interactions.Sequence@36238b12, org.openqa.selenium.interactions.Sequence@33187485]}]
Capabilities {acceptInsecureCerts: false, browserName: chrome, browserVersion: 119.0.6045.199, chrome: {chromedriverVersion: 119.0.6045.105 (38c72552c5e..., userDataDir: C:\Users\enggn\AppData\Loca...}, fedcm:accounts: true, goog:chromeOptions: {debuggerAddress: localhost:28608}, networkConnectionEnabled: false, pageLoadStrategy: normal, platformName: windows, proxy: Proxy(), se:cdp: ws://localhost:28608/devtoo..., se:cdpVersion: 119.0.6045.199, setWindowRect: true, strictFileInteractability: false, timeouts: {implicit: 0, pageLoad: 300000, script: 30000}, unhandledPromptBehavior: dismiss and notify, webauthn:extension:credBlob: true, webauthn:extension:largeBlob: true, webauthn:extension:minPinLength: true, webauthn:extension:prf: true, webauthn:virtualAuthenticators: true}
Session ID: a9634fdcb18d70e65e5549da1dc8e919
	at org.openqa.selenium.json.JsonOutput.convertUsingMethod(JsonOutput.java:520)
	at org.openqa.selenium.json.JsonOutput.lambda$new$16(JsonOutput.java:182)
	at org.openqa.selenium.json.JsonOutput.write0(JsonOutput.java:409)
	at org.openqa.selenium.json.JsonOutput.lambda$new$22(JsonOutput.java:204)
	at java.base/java.util.stream.ForEachOps$ForEachOp$OfRef.accept(ForEachOps.java:183)
	at java.base/java.util.stream.ReferencePipeline$2$1.accept(ReferencePipeline.java:179)
	at java.base/java.util.Iterator.forEachRemaining(Iterator.java:133)
	at java.base/java.util.Spliterators$IteratorSpliterator.forEachRemaining(Spliterators.java:1921)
	at java.base/java.util.stream.AbstractPipeline.copyInto(AbstractPipeline.java:509)
	at java.base/java.util.stream.AbstractPipeline.wrapAndCopyInto(AbstractPipeline.java:499)
	at java.base/java.util.stream.ForEachOps$ForEachOp.evaluateSequential(ForEachOps.java:150)
	at java.base/java.util.stream.ForEachOps$ForEachOp$OfRef.evaluateSequential(ForEachOps.java:173)
	at java.base/java.util.stream.AbstractPipeline.evaluate(AbstractPipeline.java:234)
	at java.base/java.util.stream.ReferencePipeline.forEach(ReferencePipeline.java:596)
	at org.openqa.selenium.json.JsonOutput.lambda$new$23(JsonOutput.java:204)
	at org.openqa.selenium.json.JsonOutput.write0(JsonOutput.java:409)
	at org.openqa.selenium.json.JsonOutput.lambda$new$24(JsonOutput.java:222)
	at com.google.common.collect.SingletonImmutableBiMap.forEach(SingletonImmutableBiMap.java:68)
	at org.openqa.selenium.json.JsonOutput.lambda$new$25(JsonOutput.java:217)
	at org.openqa.selenium.json.JsonOutput.write0(JsonOutput.java:409)
	at org.openqa.selenium.json.JsonOutput.write(JsonOutput.java:400)
	at org.openqa.selenium.json.Json.toJson(Json.java:133)
	at org.openqa.selenium.json.Json.toJson(Json.java:119)
	at org.openqa.selenium.remote.codec.AbstractHttpCommandCodec.encode(AbstractHttpCommandCodec.java:280)
	at org.openqa.selenium.remote.codec.AbstractHttpCommandCodec.encode(AbstractHttpCommandCodec.java:130)
	at org.openqa.selenium.remote.HttpCommandExecutor.execute(HttpCommandExecutor.java:179)
	at org.openqa.selenium.remote.service.DriverCommandExecutor.invokeExecute(DriverCommandExecutor.java:200)
	at org.openqa.selenium.remote.service.DriverCommandExecutor.execute(DriverCommandExecutor.java:175)
	at org.openqa.selenium.remote.RemoteWebDriver.execute(RemoteWebDriver.java:607)
	at org.openqa.selenium.remote.RemoteWebDriver.perform(RemoteWebDriver.java:693)
	at org.openqa.selenium.interactions.Actions$BuiltAction.perform(Actions.java:598)
	at org.openqa.selenium.interactions.Actions.perform(Actions.java:567)
	at pages.DSTryhere_PF.enterInvalidCode(DSTryhere_PF.java:79)
	at steppDef.ds_AlgoTryEditorSteps.enters_the_data_in_the_editor_after_reading_data_from_excel_sheet_with_column_name_and_row_number(ds_AlgoTryEditorSteps.java:85)
	at ✽.enters the data in the Editor after reading data from excel sheet "Python_code" with column_name "Python_Invalid_Data" and row_number 2(file:///C:/Users/enggn/eclipse-workspace/DS_AlgoCh/src/test/resources/feature/05_dsArray.feature:106)
	Suppressed: org.openqa.selenium.json.JsonException: Attempting to close incomplete json stream
Build info: version: '4.15.0', revision: '1d14b5521b'
System info: os.name: 'Windows 11', os.arch: 'amd64', os.version: '10.0', java.version: '19.0.2'
Driver info: driver.version: RemoteWebDriver
		at org.openqa.selenium.json.JsonOutput.close(JsonOutput.java:431)
		at org.openqa.selenium.json.Json.toJson(Json.java:131)
		at org.openqa.selenium.json.Json.toJson(Json.java:119)
		at org.openqa.selenium.remote.codec.AbstractHttpCommandCodec.encode(AbstractHttpCommandCodec.java:280)
		at org.openqa.selenium.remote.codec.AbstractHttpCommandCodec.encode(AbstractHttpCommandCodec.java:130)
		at org.openqa.selenium.remote.HttpCommandExecutor.execute(HttpCommandExecutor.java:179)
		at org.openqa.selenium.remote.service.DriverCommandExecutor.invokeExecute(DriverCommandExecutor.java:200)
		at org.openqa.selenium.remote.service.DriverCommandExecutor.execute(DriverCommandExecutor.java:175)
		at org.openqa.selenium.remote.RemoteWebDriver.execute(RemoteWebDriver.java:607)
		at org.openqa.selenium.remote.RemoteWebDriver.perform(RemoteWebDriver.java:693)
		at org.openqa.selenium.interactions.Actions$BuiltAction.perform(Actions.java:598)
		at org.openqa.selenium.interactions.Actions.perform(Actions.java:567)
		at pages.DSTryhere_PF.enterInvalidCode(DSTryhere_PF.java:79)
		at steppDef.ds_AlgoTryEditorSteps.enters_the_data_in_the_editor_after_reading_data_from_excel_sheet_with_column_name_and_row_number(ds_AlgoTryEditorSteps.java:85)
		at java.base/jdk.internal.reflect.DirectMethodHandleAccessor.invoke(DirectMethodHandleAccessor.java:104)
		at java.base/java.lang.reflect.Method.invoke(Method.java:578)
		at io.cucumber.java.Invoker.doInvoke(Invoker.java:66)
		at io.cucumber.java.Invoker.invoke(Invoker.java:24)
		at io.cucumber.java.AbstractGlueDefinition.invokeMethod(AbstractGlueDefinition.java:47)
		at io.cucumber.java.JavaStepDefinition.execute(JavaStepDefinition.java:29)
		at io.cucumber.core.runner.CoreStepDefinition.execute(CoreStepDefinition.java:66)
		at io.cucumber.core.runner.PickleStepDefinitionMatch.runStep(PickleStepDefinitionMatch.java:63)
		at io.cucumber.core.runner.ExecutionMode$1.execute(ExecutionMode.java:10)
		at io.cucumber.core.runner.TestStep.executeStep(TestStep.java:84)
		at io.cucumber.core.runner.TestStep.run(TestStep.java:56)
		at io.cucumber.core.runner.PickleStepTestStep.run(PickleStepTestStep.java:51)
		at io.cucumber.core.runner.TestCase.run(TestCase.java:84)
		at io.cucumber.core.runner.Runner.runPickle(Runner.java:75)
		at io.cucumber.junit.PickleRunners$NoStepDescriptions.lambda$run$0(PickleRunners.java:151)
		at io.cucumber.core.runtime.CucumberExecutionContext.lambda$runTestCase$5(CucumberExecutionContext.java:137)
		at io.cucumber.core.runtime.RethrowingThrowableCollector.executeAndThrow(RethrowingThrowableCollector.java:23)
		at io.cucumber.core.runtime.CucumberExecutionContext.runTestCase(CucumberExecutionContext.java:137)
		at io.cucumber.junit.PickleRunners$NoStepDescriptions.run(PickleRunners.java:148)
		at io.cucumber.junit.FeatureRunner.runChild(FeatureRunner.java:144)
		at io.cucumber.junit.FeatureRunner.runChild(FeatureRunner.java:28)
		at org.junit.runners.ParentRunner$4.run(ParentRunner.java:331)
		at org.junit.runners.ParentRunner$1.schedule(ParentRunner.java:79)
		at org.junit.runners.ParentRunner.runChildren(ParentRunner.java:329)
		at org.junit.runners.ParentRunner.access$100(ParentRunner.java:66)
		at org.junit.runners.ParentRunner$2.evaluate(ParentRunner.java:293)
		at org.junit.runners.ParentRunner$3.evaluate(ParentRunner.java:306)
		at org.junit.runners.ParentRunner.run(ParentRunner.java:413)
		at io.cucumber.junit.FeatureRunner.run(FeatureRunner.java:137)
		at io.cucumber.junit.Cucumber.runChild(Cucumber.java:196)
		at io.cucumber.junit.Cucumber.runChild(Cucumber.java:89)
		at org.junit.runners.ParentRunner$4.run(ParentRunner.java:331)
		at org.junit.runners.ParentRunner$1.schedule(ParentRunner.java:79)
		at org.junit.runners.ParentRunner.runChildren(ParentRunner.java:329)
		at org.junit.runners.ParentRunner.access$100(ParentRunner.java:66)
		at org.junit.runners.ParentRunner$2.evaluate(ParentRunner.java:293)
		at io.cucumber.core.runtime.CucumberExecutionContext.lambda$runFeatures$6(CucumberExecutionContext.java:148)
		at io.cucumber.core.runtime.CucumberExecutionContext.execute(CucumberExecutionContext.java:163)
		at io.cucumber.core.runtime.CucumberExecutionContext.runFeatures(CucumberExecutionContext.java:146)
		at io.cucumber.junit.Cucumber$StartAndFinishTestRun.evaluate(Cucumber.java:226)
		at org.junit.runners.ParentRunner$3.evaluate(ParentRunner.java:306)
		at org.junit.runners.ParentRunner.run(ParentRunner.java:413)
		at org.eclipse.jdt.internal.junit4.runner.JUnit4TestReference.run(JUnit4TestReference.java:93)
		at org.eclipse.jdt.internal.junit.runner.TestExecution.run(TestExecution.java:40)
		at org.eclipse.jdt.internal.junit.runner.RemoteTestRunner.runTests(RemoteTestRunner.java:529)
		at org.eclipse.jdt.internal.junit.runner.RemoteTestRunner.runTests(RemoteTestRunner.java:756)
		at org.eclipse.jdt.internal.junit.runner.RemoteTestRunner.run(RemoteTestRunner.java:452)
		at org.eclipse.jdt.internal.junit.runner.RemoteTestRunner.main(RemoteTestRunner.java:210)
Caused by: java.lang.reflect.InvocationTargetException
	at java.base/jdk.internal.reflect.DirectMethodHandleAccessor.invoke(DirectMethodHandleAccessor.java:119)
	at java.base/java.lang.reflect.Method.invoke(Method.java:578)
	at org.openqa.selenium.json.JsonOutput.convertUsingMethod(JsonOutput.java:516)
	at org.openqa.selenium.json.JsonOutput.lambda$new$16(JsonOutput.java:182)
	at org.openqa.selenium.json.JsonOutput.write0(JsonOutput.java:409)
	at org.openqa.selenium.json.JsonOutput.lambda$new$22(JsonOutput.java:204)
	at java.base/java.util.stream.ForEachOps$ForEachOp$OfRef.accept(ForEachOps.java:183)
	at java.base/java.util.stream.ReferencePipeline$2$1.accept(ReferencePipeline.java:179)
	at java.base/java.util.Iterator.forEachRemaining(Iterator.java:133)
	at java.base/java.util.Spliterators$IteratorSpliterator.forEachRemaining(Spliterators.java:1921)
	at java.base/java.util.stream.AbstractPipeline.copyInto(AbstractPipeline.java:509)
	at java.base/java.util.stream.AbstractPipeline.wrapAndCopyInto(AbstractPipeline.java:499)
	at java.base/java.util.stream.ForEachOps$ForEachOp.evaluateSequential(ForEachOps.java:150)
	at java.base/java.util.stream.ForEachOps$ForEachOp$OfRef.evaluateSequential(ForEachOps.java:173)
	at java.base/java.util.stream.AbstractPipeline.evaluate(AbstractPipeline.java:234)
	at java.base/java.util.stream.ReferencePipeline.forEach(ReferencePipeline.java:596)
	at org.openqa.selenium.json.JsonOutput.lambda$new$23(JsonOutput.java:204)
	at org.openqa.selenium.json.JsonOutput.write0(JsonOutput.java:409)
	at org.openqa.selenium.json.JsonOutput.lambda$new$24(JsonOutput.java:222)
	at com.google.common.collect.SingletonImmutableBiMap.forEach(SingletonImmutableBiMap.java:68)
	at org.openqa.selenium.json.JsonOutput.lambda$new$25(JsonOutput.java:217)
	at org.openqa.selenium.json.JsonOutput.write0(JsonOutput.java:409)
	at org.openqa.selenium.json.JsonOutput.write(JsonOutput.java:400)
	at org.openqa.selenium.json.Json.toJson(Json.java:133)
	at org.openqa.selenium.json.Json.toJson(Json.java:119)
	at org.openqa.selenium.remote.codec.AbstractHttpCommandCodec.encode(AbstractHttpCommandCodec.java:280)
	at org.openqa.selenium.remote.codec.AbstractHttpCommandCodec.encode(AbstractHttpCommandCodec.java:130)
	at org.openqa.selenium.remote.HttpCommandExecutor.execute(HttpCommandExecutor.java:179)
	at org.openqa.selenium.remote.service.DriverCommandExecutor.invokeExecute(DriverCommandExecutor.java:200)
	at org.openqa.selenium.remote.service.DriverCommandExecutor.execute(DriverCommandExecutor.java:175)
	at org.openqa.selenium.remote.RemoteWebDriver.execute(RemoteWebDriver.java:607)
	at org.openqa.selenium.remote.RemoteWebDriver.perform(RemoteWebDriver.java:693)
	at org.openqa.selenium.interactions.Actions$BuiltAction.perform(Actions.java:598)
	at org.openqa.selenium.interactions.Actions.perform(Actions.java:567)
	at pages.DSTryhere_PF.enterInvalidCode(DSTryhere_PF.java:79)
	at steppDef.ds_AlgoTryEditorSteps.enters_the_data_in_the_editor_after_reading_data_from_excel_sheet_with_column_name_and_row_number(ds_AlgoTryEditorSteps.java:85)
	at java.base/jdk.internal.reflect.DirectMethodHandleAccessor.invoke(DirectMethodHandleAccessor.java:104)
	at java.base/java.lang.reflect.Method.invoke(Method.java:578)
	at io.cucumber.java.Invoker.doInvoke(Invoker.java:66)
	at io.cucumber.java.Invoker.invoke(Invoker.java:24)
	at io.cucumber.java.AbstractGlueDefinition.invokeMethod(AbstractGlueDefinition.java:47)
	at io.cucumber.java.JavaStepDefinition.execute(JavaStepDefinition.java:29)
	at io.cucumber.core.runner.CoreStepDefinition.execute(CoreStepDefinition.java:66)
	at io.cucumber.core.runner.PickleStepDefinitionMatch.runStep(PickleStepDefinitionMatch.java:63)
	at io.cucumber.core.runner.ExecutionMode$1.execute(ExecutionMode.java:10)
	at io.cucumber.core.runner.TestStep.executeStep(TestStep.java:84)
	at io.cucumber.core.runner.TestStep.run(TestStep.java:56)
	at io.cucumber.core.runner.PickleStepTestStep.run(PickleStepTestStep.java:51)
	at io.cucumber.core.runner.TestCase.run(TestCase.java:84)
	at io.cucumber.core.runner.Runner.runPickle(Runner.java:75)
	at io.cucumber.junit.PickleRunners$NoStepDescriptions.lambda$run$0(PickleRunners.java:151)
	at io.cucumber.core.runtime.CucumberExecutionContext.lambda$runTestCase$5(CucumberExecutionContext.java:137)
	at io.cucumber.core.runtime.RethrowingThrowableCollector.executeAndThrow(RethrowingThrowableCollector.java:23)
	at io.cucumber.core.runtime.CucumberExecutionContext.runTestCase(CucumberExecutionContext.java:137)
	at io.cucumber.junit.PickleRunners$NoStepDescriptions.run(PickleRunners.java:148)
	at io.cucumber.junit.FeatureRunner.runChild(FeatureRunner.java:144)
	at io.cucumber.junit.FeatureRunner.runChild(FeatureRunner.java:28)
	at org.junit.runners.ParentRunner$4.run(ParentRunner.java:331)
	at org.junit.runners.ParentRunner$1.schedule(ParentRunner.java:79)
	at org.junit.runners.ParentRunner.runChildren(ParentRunner.java:329)
	at org.junit.runners.ParentRunner.access$100(ParentRunner.java:66)
	at org.junit.runners.ParentRunner$2.evaluate(ParentRunner.java:293)
	at org.junit.runners.ParentRunner$3.evaluate(ParentRunner.java:306)
	at org.junit.runners.ParentRunner.run(ParentRunner.java:413)
	at io.cucumber.junit.FeatureRunner.run(FeatureRunner.java:137)
	at io.cucumber.junit.Cucumber.runChild(Cucumber.java:196)
	at io.cucumber.junit.Cucumber.runChild(Cucumber.java:89)
	at org.junit.runners.ParentRunner$4.run(ParentRunner.java:331)
	at org.junit.runners.ParentRunner$1.schedule(ParentRunner.java:79)
	at org.junit.runners.ParentRunner.runChildren(ParentRunner.java:329)
	at org.junit.runners.ParentRunner.access$100(ParentRunner.java:66)
	at org.junit.runners.ParentRunner$2.evaluate(ParentRunner.java:293)
	at io.cucumber.core.runtime.CucumberExecutionContext.lambda$runFeatures$6(CucumberExecutionContext.java:148)
	at io.cucumber.core.runtime.CucumberExecutionContext.execute(CucumberExecutionContext.java:163)
	at io.cucumber.core.runtime.CucumberExecutionContext.runFeatures(CucumberExecutionContext.java:146)
	at io.cucumber.junit.Cucumber$StartAndFinishTestRun.evaluate(Cucumber.java:226)
	at org.junit.runners.ParentRunner$3.evaluate(ParentRunner.java:306)
	at org.junit.runners.ParentRunner.run(ParentRunner.java:413)
	at org.eclipse.jdt.internal.junit4.runner.JUnit4TestReference.run(JUnit4TestReference.java:93)
	at org.eclipse.jdt.internal.junit.runner.TestExecution.run(TestExecution.java:40)
	at org.eclipse.jdt.internal.junit.runner.RemoteTestRunner.runTests(RemoteTestRunner.java:529)
	at org.eclipse.jdt.internal.junit.runner.RemoteTestRunner.runTests(RemoteTestRunner.java:756)
	at org.eclipse.jdt.internal.junit.runner.RemoteTestRunner.run(RemoteTestRunner.java:452)
	at org.eclipse.jdt.internal.junit.runner.RemoteTestRunner.main(RemoteTestRunner.java:210)
Caused by: org.openqa.selenium.NoSuchElementException: no such element: Unable to locate element: {"method":"xpath","selector":"//*[@id="answer_form"]/div/div/div[6]/div[1]/div/div/div/div[5]/div/pre"}
  (Session info: chrome=119.0.6045.199)
For documentation on this error, please visit: https://www.selenium.dev/documentation/webdriver/troubleshooting/errors#no-such-element-exception
Build info: version: '4.15.0', revision: '1d14b5521b'
System info: os.name: 'Windows 11', os.arch: 'amd64', os.version: '10.0', java.version: '19.0.2'
Driver info: org.openqa.selenium.chrome.ChromeDriver
Command: [a9634fdcb18d70e65e5549da1dc8e919, findElement {using=xpath, value=//*[@id="answer_form"]/div/div/div[6]/div[1]/div/div/div/div[5]/div/pre}]
Capabilities {acceptInsecureCerts: false, browserName: chrome, browserVersion: 119.0.6045.199, chrome: {chromedriverVersion: 119.0.6045.105 (38c72552c5e..., userDataDir: C:\Users\enggn\AppData\Loca...}, fedcm:accounts: true, goog:chromeOptions: {debuggerAddress: localhost:28608}, networkConnectionEnabled: false, pageLoadStrategy: normal, platformName: windows, proxy: Proxy(), se:cdp: ws://localhost:28608/devtoo..., se:cdpVersion: 119.0.6045.199, setWindowRect: true, strictFileInteractability: false, timeouts: {implicit: 0, pageLoad: 300000, script: 30000}, unhandledPromptBehavior: dismiss and notify, webauthn:extension:credBlob: true, webauthn:extension:largeBlob: true, webauthn:extension:minPinLength: true, webauthn:extension:prf: true, webauthn:virtualAuthenticators: true}
Session ID: a9634fdcb18d70e65e5549da1dc8e919
	at java.base/jdk.internal.reflect.DirectConstructorHandleAccessor.newInstance(DirectConstructorHandleAccessor.java:67)
	at java.base/java.lang.reflect.Constructor.newInstanceWithCaller(Constructor.java:500)
	at java.base/java.lang.reflect.Constructor.newInstance(Constructor.java:484)
	at org.openqa.selenium.remote.codec.w3c.W3CHttpResponseCodec.createException(W3CHttpResponseCodec.java:200)
	at org.openqa.selenium.remote.codec.w3c.W3CHttpResponseCodec.decode(W3CHttpResponseCodec.java:133)
	at org.openqa.selenium.remote.codec.w3c.W3CHttpResponseCodec.decode(W3CHttpResponseCodec.java:52)
	at org.openqa.selenium.remote.HttpCommandExecutor.execute(HttpCommandExecutor.java:191)
	at org.openqa.selenium.remote.service.DriverCommandExecutor.invokeExecute(DriverCommandExecutor.java:200)
	at org.openqa.selenium.remote.service.DriverCommandExecutor.execute(DriverCommandExecutor.java:175)
	at org.openqa.selenium.remote.RemoteWebDriver.execute(RemoteWebDriver.java:607)
	at org.openqa.selenium.remote.ElementLocation$ElementFinder$2.findElement(ElementLocation.java:165)
	at org.openqa.selenium.remote.ElementLocation.findElement(ElementLocation.java:59)
	at org.openqa.selenium.remote.RemoteWebDriver.findElement(RemoteWebDriver.java:364)
	at org.openqa.selenium.remote.RemoteWebDriver.findElement(RemoteWebDriver.java:358)
	at org.openqa.selenium.support.pagefactory.DefaultElementLocator.findElement(DefaultElementLocator.java:68)
	at org.openqa.selenium.support.pagefactory.internal.LocatingElementHandler.invoke(LocatingElementHandler.java:38)
	at jdk.proxy2/jdk.proxy2.$Proxy29.getWrappedElement(Unknown Source)
	at org.openqa.selenium.interactions.PointerInput$Origin.asArg(PointerInput.java:259)
	at org.openqa.selenium.interactions.PointerInput$Move.encode(PointerInput.java:208)
	at org.openqa.selenium.interactions.Sequence.encode(Sequence.java:72)
	at org.openqa.selenium.interactions.Sequence.toJson(Sequence.java:81)
	at java.base/jdk.internal.reflect.DirectMethodHandleAccessor.invoke(DirectMethodHandleAccessor.java:104)
	... 83 more
</textarea>
      
      </div>
                  </div>
                  <div class="step skip-bg">
                    <span>When The User clicks a run button</span>
      <div>Step skipped
      </div>
                  </div>
                  <div class="step skip-bg">
                    <span>Then The user see error msg in alert window and press ok button</span>
      <div>Step skipped
      </div>
                  </div>
              </div>
            </div>
            <div class="card-body l1">
              <div class="card-header">
                <div class="card-title outline-child">
                  <div class="node" id="281"><span class="badge log pass-bg mr-2">Pass</span>Python Editor page with Invalid data</div>
                </div>
              </div>
              <div class="card-body mt-3 collapse">
                  <div class="step pass-bg">
                    <span>Given User is on the tryEditor page</span>
      <div>
      </div>
                  </div>
                  <div class="step pass-bg">
                    <span>And enters the data in the Editor after reading data from excel sheet "Python_code" with column_name "Python_Invalid_Data" and row_number 2</span>
      <div>
      </div>
                  </div>
                  <div class="step pass-bg">
                    <span>When The User clicks a run button</span>
      <div>
      </div>
                  </div>
                  <div class="step pass-bg">
                    <span>Then The user see error msg in alert window and press ok button</span>
      <div>
      </div>
                  </div>
              </div>
            </div>
            <div class="card-body l1">
              <div class="card-header">
                <div class="card-title outline-child">
                  <div class="node" id="313"><span class="badge log pass-bg mr-2">Pass</span>Python Editor page with Invalid data</div>
                </div>
              </div>
              <div class="card-body mt-3 collapse">
                  <div class="step pass-bg">
                    <span>Given User is on the tryEditor page</span>
      <div>
      </div>
                  </div>
                  <div class="step pass-bg">
                    <span>And enters the data in the Editor after reading data from excel sheet "Python_code" with column_name "Python_Invalid_Data" and row_number 2</span>
      <div>
      </div>
                  </div>
                  <div class="step pass-bg">
                    <span>When The User clicks a run button</span>
      <div>
      </div>
                  </div>
                  <div class="step pass-bg">
                    <span>Then The user see error msg in alert window and press ok button</span>
      <div>
      </div>
                  </div>
              </div>
            </div>
            <div class="card-body l1">
              <div class="card-header">
                <div class="card-title outline-child">
                  <div class="node" id="345"><span class="badge log pass-bg mr-2">Pass</span>Python Editor page with Invalid data</div>
                </div>
              </div>
              <div class="card-body mt-3 collapse">
                  <div class="step pass-bg">
                    <span>Given User is on the tryEditor page</span>
      <div>
      </div>
                  </div>
                  <div class="step pass-bg">
                    <span>And enters the data in the Editor after reading data from excel sheet "Python_code" with column_name "Python_Invalid_Data" and row_number 2</span>
      <div>
      </div>
                  </div>
                  <div class="step pass-bg">
                    <span>When The User clicks a run button</span>
      <div>
      </div>
                  </div>
                  <div class="step pass-bg">
                    <span>Then The user see error msg in alert window and press ok button</span>
      <div>
      </div>
                  </div>
              </div>
            </div>
            <div class="card-body l1">
              <div class="card-header">
                <div class="card-title outline-child">
                  <div class="node" id="377"><span class="badge log pass-bg mr-2">Pass</span>Python Editor page with Invalid data</div>
                </div>
              </div>
              <div class="card-body mt-3 collapse">
                  <div class="step pass-bg">
                    <span>Given User is on the tryEditor page</span>
      <div>
      </div>
                  </div>
                  <div class="step pass-bg">
                    <span>And enters the data in the Editor after reading data from excel sheet "Python_code" with column_name "Python_Invalid_Data" and row_number 2</span>
      <div>
      </div>
                  </div>
                  <div class="step pass-bg">
                    <span>When The User clicks a run button</span>
      <div>
      </div>
                  </div>
                  <div class="step pass-bg">
                    <span>Then The user see error msg in alert window and press ok button</span>
      <div>
      </div>
                  </div>
              </div>
            </div>
        </div>
  </div>
  <div class="card">
    <div class="card-header" role="tab">
      <div class="card-title">
        <div class="node" id="117"><span class="badge log fail-bg mr-2">Fail</span>Python Editor page with valid data</div>
      </div>
    </div>
        <div class="scenario_outline ">
            <div class="card-body l1">
              <div class="card-header">
                <div class="card-title outline-child">
                  <div class="node" id="118"><span class="badge log fail-bg mr-2">Fail</span>Python Editor page with valid data</div>
                </div>
              </div>
              <div class="card-body mt-3 ">
                  <div class="step pass-bg">
                    <span>Given The user is on the tryEditor page</span>
      <div>
      </div>
                  </div>
                  <div class="step fail-bg">
                    <span>And enters data in the Editor after reading data from excel sheet "Python_code" with column_name "Python_Valid_Data" and row_number 2</span>
      <div>
        <textarea disabled class="code-block">org.openqa.selenium.NoSuchElementException: no such element: Unable to locate element: {"method":"xpath","selector":"//*[@id="answer_form"]/div/div/div[6]/div[1]/div/div/div/div[5]/div/pre"}
  (Session info: chrome=119.0.6045.199)
For documentation on this error, please visit: https://www.selenium.dev/documentation/webdriver/troubleshooting/errors#no-such-element-exception
Build info: version: '4.15.0', revision: '1d14b5521b'
System info: os.name: 'Windows 11', os.arch: 'amd64', os.version: '10.0', java.version: '19.0.2'
Driver info: org.openqa.selenium.chrome.ChromeDriver
Command: [a9634fdcb18d70e65e5549da1dc8e919, findElement {using=xpath, value=//*[@id="answer_form"]/div/div/div[6]/div[1]/div/div/div/div[5]/div/pre}]
Capabilities {acceptInsecureCerts: false, browserName: chrome, browserVersion: 119.0.6045.199, chrome: {chromedriverVersion: 119.0.6045.105 (38c72552c5e..., userDataDir: C:\Users\enggn\AppData\Loca...}, fedcm:accounts: true, goog:chromeOptions: {debuggerAddress: localhost:28608}, networkConnectionEnabled: false, pageLoadStrategy: normal, platformName: windows, proxy: Proxy(), se:cdp: ws://localhost:28608/devtoo..., se:cdpVersion: 119.0.6045.199, setWindowRect: true, strictFileInteractability: false, timeouts: {implicit: 0, pageLoad: 300000, script: 30000}, unhandledPromptBehavior: dismiss and notify, webauthn:extension:credBlob: true, webauthn:extension:largeBlob: true, webauthn:extension:minPinLength: true, webauthn:extension:prf: true, webauthn:virtualAuthenticators: true}
Session ID: a9634fdcb18d70e65e5549da1dc8e919
	at java.base/jdk.internal.reflect.DirectConstructorHandleAccessor.newInstance(DirectConstructorHandleAccessor.java:67)
	at java.base/java.lang.reflect.Constructor.newInstanceWithCaller(Constructor.java:500)
	at java.base/java.lang.reflect.Constructor.newInstance(Constructor.java:484)
	at org.openqa.selenium.remote.codec.w3c.W3CHttpResponseCodec.createException(W3CHttpResponseCodec.java:200)
	at org.openqa.selenium.remote.codec.w3c.W3CHttpResponseCodec.decode(W3CHttpResponseCodec.java:133)
	at org.openqa.selenium.remote.codec.w3c.W3CHttpResponseCodec.decode(W3CHttpResponseCodec.java:52)
	at org.openqa.selenium.remote.HttpCommandExecutor.execute(HttpCommandExecutor.java:191)
	at org.openqa.selenium.remote.service.DriverCommandExecutor.invokeExecute(DriverCommandExecutor.java:200)
	at org.openqa.selenium.remote.service.DriverCommandExecutor.execute(DriverCommandExecutor.java:175)
	at org.openqa.selenium.remote.RemoteWebDriver.execute(RemoteWebDriver.java:607)
	at org.openqa.selenium.remote.ElementLocation$ElementFinder$2.findElement(ElementLocation.java:165)
	at org.openqa.selenium.remote.ElementLocation.findElement(ElementLocation.java:59)
	at org.openqa.selenium.remote.RemoteWebDriver.findElement(RemoteWebDriver.java:364)
	at org.openqa.selenium.remote.RemoteWebDriver.findElement(RemoteWebDriver.java:358)
	at org.openqa.selenium.support.pagefactory.DefaultElementLocator.findElement(DefaultElementLocator.java:68)
	at org.openqa.selenium.support.pagefactory.internal.LocatingElementHandler.invoke(LocatingElementHandler.java:38)
	at jdk.proxy2/jdk.proxy2.$Proxy29.isDisplayed(Unknown Source)
	at pages.DSTryhere_PF.enterValidCode(DSTryhere_PF.java:65)
	at steppDef.ds_AlgoTryEditorSteps.enters_data_in_the_editor_after_reading_data_from_excel_sheet_with_column_name_and_row_number(ds_AlgoTryEditorSteps.java:29)
	at ✽.enters data in the Editor after reading data from excel sheet "Python_code" with column_name "Python_Valid_Data" and row_number 2(file:///C:/Users/enggn/eclipse-workspace/DS_AlgoCh/src/test/resources/feature/04_dsDataStructInt.feature:38)
</textarea>
      
      </div>
                  </div>
                  <div class="step skip-bg">
                    <span>When User clicks a run button</span>
      <div>Step skipped
      </div>
                  </div>
                  <div class="step skip-bg">
                    <span>Then output should be displayed on the console</span>
      <div>Step skipped
      </div>
                  </div>
              </div>
            </div>
            <div class="card-body l1">
              <div class="card-header">
                <div class="card-title outline-child">
                  <div class="node" id="168"><span class="badge log pass-bg mr-2">Pass</span>Python Editor page with valid data</div>
                </div>
              </div>
              <div class="card-body mt-3 collapse">
                  <div class="step pass-bg">
                    <span>Given The user is on the tryEditor page</span>
      <div>
      </div>
                  </div>
                  <div class="step pass-bg">
                    <span>And enters data in the Editor after reading data from excel sheet "Python_code" with column_name "Python_Valid_Data" and row_number 2</span>
      <div>
      </div>
                  </div>
                  <div class="step pass-bg">
                    <span>When User clicks a run button</span>
      <div>
      </div>
                  </div>
                  <div class="step pass-bg">
                    <span>Then output should be displayed on the console</span>
      <div>
      </div>
                  </div>
              </div>
            </div>
            <div class="card-body l1">
              <div class="card-header">
                <div class="card-title outline-child">
                  <div class="node" id="206"><span class="badge log pass-bg mr-2">Pass</span>Python Editor page with valid data</div>
                </div>
              </div>
              <div class="card-body mt-3 collapse">
                  <div class="step pass-bg">
                    <span>Given The user is on the tryEditor page</span>
      <div>
      </div>
                  </div>
                  <div class="step pass-bg">
                    <span>And enters data in the Editor after reading data from excel sheet "Python_code" with column_name "Python_Valid_Data" and row_number 2</span>
      <div>
      </div>
                  </div>
                  <div class="step pass-bg">
                    <span>When User clicks a run button</span>
      <div>
      </div>
                  </div>
                  <div class="step pass-bg">
                    <span>Then output should be displayed on the console</span>
      <div>
      </div>
                  </div>
              </div>
            </div>
            <div class="card-body l1">
              <div class="card-header">
                <div class="card-title outline-child">
                  <div class="node" id="244"><span class="badge log pass-bg mr-2">Pass</span>Python Editor page with valid data</div>
                </div>
              </div>
              <div class="card-body mt-3 collapse">
                  <div class="step pass-bg">
                    <span>Given The user is on the tryEditor page</span>
      <div>
      </div>
                  </div>
                  <div class="step pass-bg">
                    <span>And enters data in the Editor after reading data from excel sheet "Python_code" with column_name "Python_Valid_Data" and row_number 2</span>
      <div>
      </div>
                  </div>
                  <div class="step pass-bg">
                    <span>When User clicks a run button</span>
      <div>
      </div>
                  </div>
                  <div class="step pass-bg">
                    <span>Then output should be displayed on the console</span>
      <div>
      </div>
                  </div>
              </div>
            </div>
            <div class="card-body l1">
              <div class="card-header">
                <div class="card-title outline-child">
                  <div class="node" id="288"><span class="badge log pass-bg mr-2">Pass</span>Python Editor page with valid data</div>
                </div>
              </div>
              <div class="card-body mt-3 collapse">
                  <div class="step pass-bg">
                    <span>Given The user is on the tryEditor page</span>
      <div>
      </div>
                  </div>
                  <div class="step pass-bg">
                    <span>And enters data in the Editor after reading data from excel sheet "Python_code" with column_name "Python_Valid_Data" and row_number 2</span>
      <div>
      </div>
                  </div>
                  <div class="step pass-bg">
                    <span>When User clicks a run button</span>
      <div>
      </div>
                  </div>
                  <div class="step pass-bg">
                    <span>Then output should be displayed on the console</span>
      <div>
      </div>
                  </div>
              </div>
            </div>
            <div class="card-body l1">
              <div class="card-header">
                <div class="card-title outline-child">
                  <div class="node" id="320"><span class="badge log pass-bg mr-2">Pass</span>Python Editor page with valid data</div>
                </div>
              </div>
              <div class="card-body mt-3 collapse">
                  <div class="step pass-bg">
                    <span>Given The user is on the tryEditor page</span>
      <div>
      </div>
                  </div>
                  <div class="step pass-bg">
                    <span>And enters data in the Editor after reading data from excel sheet "Python_code" with column_name "Python_Valid_Data" and row_number 2</span>
      <div>
      </div>
                  </div>
                  <div class="step pass-bg">
                    <span>When User clicks a run button</span>
      <div>
      </div>
                  </div>
                  <div class="step pass-bg">
                    <span>Then output should be displayed on the console</span>
      <div>
      </div>
                  </div>
              </div>
            </div>
            <div class="card-body l1">
              <div class="card-header">
                <div class="card-title outline-child">
                  <div class="node" id="352"><span class="badge log pass-bg mr-2">Pass</span>Python Editor page with valid data</div>
                </div>
              </div>
              <div class="card-body mt-3 collapse">
                  <div class="step pass-bg">
                    <span>Given The user is on the tryEditor page</span>
      <div>
      </div>
                  </div>
                  <div class="step pass-bg">
                    <span>And enters data in the Editor after reading data from excel sheet "Python_code" with column_name "Python_Valid_Data" and row_number 2</span>
      <div>
      </div>
                  </div>
                  <div class="step pass-bg">
                    <span>When User clicks a run button</span>
      <div>
      </div>
                  </div>
                  <div class="step pass-bg">
                    <span>Then output should be displayed on the console</span>
      <div>
      </div>
                  </div>
              </div>
            </div>
            <div class="card-body l1">
              <div class="card-header">
                <div class="card-title outline-child">
                  <div class="node" id="384"><span class="badge log pass-bg mr-2">Pass</span>Python Editor page with valid data</div>
                </div>
              </div>
              <div class="card-body mt-3 collapse">
                  <div class="step pass-bg">
                    <span>Given The user is on the tryEditor page</span>
      <div>
      </div>
                  </div>
                  <div class="step pass-bg">
                    <span>And enters data in the Editor after reading data from excel sheet "Python_code" with column_name "Python_Valid_Data" and row_number 2</span>
      <div>
      </div>
                  </div>
                  <div class="step pass-bg">
                    <span>When User clicks a run button</span>
      <div>
      </div>
                  </div>
                  <div class="step pass-bg">
                    <span>Then output should be displayed on the console</span>
      <div>
      </div>
                  </div>
              </div>
            </div>
        </div>
  </div>
  <div class="card">
    <div class="card-header" role="tab">
      <div class="card-title">
        <div class="node" id="125"><span class="badge log pass-bg mr-2">Pass</span>User go back to the previous page</div>
      </div>
    </div>
        <div class="collapse">
          <div class="card-body">
              <div class="step pass-bg" title="steppDef.ds_AlgoTryEditorSteps.the_user_is_already_on_try_editor_page()">
                <span>Given The user is already on tryEditor page</span>
      <div>
      </div>
              </div>
              <div class="step pass-bg" title="steppDef.ds_AlgoTryEditorSteps.user_able_to_see_output_in_console()">
                <span>When User able to see output in console</span>
      <div>
      </div>
              </div>
              <div class="step pass-bg" title="steppDef.ds_AlgoTryEditorSteps.user_go_back_to_the_previous_page()">
                <span>Then User go back to the previous page</span>
      <div>
      </div>
              </div>
          </div>
        </div>
  </div>
  <div class="card">
    <div class="card-header" role="tab">
      <div class="card-title">
        <div class="node" id="131"><span class="badge log pass-bg mr-2">Pass</span>Time Complexity Page</div>
      </div>
    </div>
        <div class="collapse">
          <div class="card-body">
              <div class="step pass-bg" title="steppDef.ds_AlgoDataStructInt.the_user_is_on_the_time_complexity_page()">
                <span>Given The user is on the Time Complexity Page</span>
      <div>
      </div>
              </div>
              <div class="step pass-bg" title="steppDef.ds_AlgoDataStructInt.the_user_clicks_practice_questions_link_of_ds()">
                <span>When The user clicks Practice Questions link of DS</span>
      <div>
      </div>
              </div>
              <div class="step pass-bg" title="steppDef.ds_AlgoDataStructInt.the_user_does_not_find_any_practice_problems_and_the_page_is_null()">
                <span>Then The user does not find any practice problems and the page is null</span>
      <div>
      </div>
              </div>
          </div>
        </div>
  </div>
  <div class="card">
    <div class="card-header" role="tab">
      <div class="card-title">
        <div class="node" id="137"><span class="badge log pass-bg mr-2">Pass</span>Home Page</div>
      </div>
    </div>
        <div class="collapse">
          <div class="card-body">
              <div class="step pass-bg" title="steppDef.ds_AlgoPortalSteps.the_user_is_on_the_ds_algo_home_page()">
                <span>Given The user is on the DS Algo Home Page</span>
      <div>
      </div>
              </div>
              <div class="step pass-bg" title="steppDef.ds_AlgoArraySteps.the_user_clicks_button_below_the_array(java.lang.String)">
                <span>When The user clicks  "Get Started" button below the array</span>
      <div>
      </div>
              </div>
              <div class="step pass-bg" title="steppDef.ds_AlgoArraySteps.the_user_should_be_redirected_to_page(java.lang.String)">
                <span>Then The user should be redirected to "Array" page</span>
      <div>
      </div>
              </div>
          </div>
        </div>
  </div>
  <div class="card">
    <div class="card-header" role="tab">
      <div class="card-title">
        <div class="node" id="143"><span class="badge log pass-bg mr-2">Pass</span>Array Page</div>
      </div>
    </div>
        <div class="collapse">
          <div class="card-body">
              <div class="step pass-bg" title="steppDef.ds_AlgoArraySteps.the_user_is_on_the_array_page()">
                <span>Given The  user is on the Array  page</span>
      <div>
      </div>
              </div>
              <div class="step pass-bg" title="steppDef.ds_AlgoArraySteps.the_user_clicks_a_arrays_in_python_link()">
                <span>When The user clicks a Arrays in Python link</span>
      <div>
      </div>
              </div>
              <div class="step pass-bg" title="steppDef.ds_AlgoArraySteps.the_user_should_be_redirected_to_page1(java.lang.String)">
                <span>Then The user should be redirected to "Arrays in Python" AP Page</span>
      <div>
      </div>
              </div>
          </div>
        </div>
  </div>
  <div class="card">
    <div class="card-header" role="tab">
      <div class="card-title">
        <div class="node" id="149"><span class="badge log pass-bg mr-2">Pass</span>Array Page</div>
      </div>
    </div>
        <div class="collapse">
          <div class="card-body">
              <div class="step pass-bg" title="steppDef.ds_AlgoArraySteps.the_user_is_on_the_array_page()">
                <span>Given The  user is on the Array  page</span>
      <div>
      </div>
              </div>
              <div class="step pass-bg" title="steppDef.ds_AlgoArraySteps.the_user_clicks_try_here_button_of_array_in_python_page()">
                <span>When The user clicks Try Here button of Array in Python Page</span>
      <div>
      </div>
              </div>
              <div class="step pass-bg" title="steppDef.ds_AlgoArraySteps.the_user_should_be_redirected_to_a_page_having_an_python_editor_with_a_url(java.lang.String)">
                <span>Then The user should be redirected to a page having an Python Editor with a url "https://dsportalapp.herokuapp.com/tryEditor"</span>
      <div>
      </div>
              </div>
          </div>
        </div>
  </div>
  <div class="card">
    <div class="card-header" role="tab">
      <div class="card-title">
        <div class="node" id="155"><span class="badge log pass-bg mr-2">Pass</span>Python Editor page without data</div>
      </div>
    </div>
        <div class="collapse">
          <div class="card-body">
              <div class="step pass-bg" title="steppDef.ds_AlgoTryEditorSteps.the_user_is_on_try_editor_page()">
                <span>Given The user is on tryEditor page</span>
      <div>
      </div>
              </div>
              <div class="step pass-bg" title="steppDef.ds_AlgoTryEditorSteps.the_user_clicks_the_run_button_without_entring_the_code_in_the_editor()">
                <span>When The user clicks the run button without entring the code in the Editor</span>
      <div>
      </div>
              </div>
              <div class="step pass-bg" title="steppDef.ds_AlgoTryEditorSteps.nothing_happens_to_the_page_and_no_error_message_is_displayed()">
                <span>Then Nothing happens to the page and no error message is displayed</span>
      <div>
      </div>
              </div>
          </div>
        </div>
  </div>
  <div class="card">
    <div class="card-header" role="tab">
      <div class="card-title">
        <div class="node" id="175"><span class="badge log pass-bg mr-2">Pass</span>User go back to the previous page</div>
      </div>
    </div>
        <div class="collapse">
          <div class="card-body">
              <div class="step pass-bg" title="steppDef.ds_AlgoTryEditorSteps.the_user_is_already_on_try_editor_page()">
                <span>Given The user is already on tryEditor page</span>
      <div>
      </div>
              </div>
              <div class="step pass-bg" title="steppDef.ds_AlgoTryEditorSteps.user_able_to_see_output_in_console()">
                <span>When User able to see output in console</span>
      <div>
      </div>
              </div>
              <div class="step pass-bg" title="steppDef.ds_AlgoTryEditorSteps.user_go_back_to_the_previous_page()">
                <span>Then User go back to the previous page</span>
      <div>
      </div>
              </div>
          </div>
        </div>
  </div>
  <div class="card">
    <div class="card-header" role="tab">
      <div class="card-title">
        <div class="node" id="181"><span class="badge log pass-bg mr-2">Pass</span>Array in Python Page</div>
      </div>
    </div>
        <div class="collapse">
          <div class="card-body">
              <div class="step pass-bg" title="steppDef.ds_AlgoArraySteps.the_user_is_on_the_array_in_python_page()">
                <span>Given The user is on the Array in Python Page</span>
      <div>
      </div>
              </div>
              <div class="step pass-bg" title="steppDef.ds_AlgoArraySteps.the_user_clicks_a_arrays_using_list_link()">
                <span>When The user clicks a Arrays Using List link</span>
      <div>
      </div>
              </div>
              <div class="step pass-bg" title="steppDef.ds_AlgoArraySteps.the_user_should_be_redirected_to_page11(java.lang.String)">
                <span>Then The user should be redirected to "Arrays Using List" AL page.</span>
      <div>
      </div>
              </div>
          </div>
        </div>
  </div>
  <div class="card">
    <div class="card-header" role="tab">
      <div class="card-title">
        <div class="node" id="187"><span class="badge log fail-bg mr-2">Fail</span>Array Using List Page</div>
      </div>
    </div>
        <div class="">
          <div class="card-body">
              <div class="step pass-bg" title="steppDef.ds_AlgoArraySteps.the_user_is_on_the_array_using_list_page()">
                <span>Given The  user is on the Array  Using List page</span>
      <div>
      </div>
              </div>
              <div class="step pass-bg" title="steppDef.ds_AlgoArraySteps.the_user_clicks_try_here_button_of_array_using_list_page()">
                <span>When The user clicks Try Here button of Array Using List Page</span>
      <div>
      </div>
              </div>
              <div class="step fail-bg" title="steppDef.ds_AlgoArraySteps.the_user_should_be_redirected_to_a_page_having_an_python_editor_with_a_url(java.lang.String)">
                <span>Then The user should be redirected to a page having an Python Editor with a url "https://dsportalapp.herokuapp.com/tryEditor"</span>
      <div>
        <textarea disabled class="code-block">java.lang.AssertionError: expected [https://dsportalapp.herokuapp.com/tryEditor] but found [https://dsportalapp.herokuapp.com/array/arrays-in-python/]
	at org.testng.Assert.fail(Assert.java:111)
	at org.testng.Assert.failNotEquals(Assert.java:1578)
	at org.testng.Assert.assertEqualsImpl(Assert.java:150)
	at org.testng.Assert.assertEquals(Assert.java:132)
	at org.testng.Assert.assertEquals(Assert.java:656)
	at org.testng.Assert.assertEquals(Assert.java:666)
	at steppDef.ds_AlgoArraySteps.the_user_should_be_redirected_to_a_page_having_an_python_editor_with_a_url(ds_AlgoArraySteps.java:68)
	at ✽.The user should be redirected to a page having an Python Editor with a url "https://dsportalapp.herokuapp.com/tryEditor"(file:///C:/Users/enggn/eclipse-workspace/DS_AlgoCh/src/test/resources/feature/05_dsArray.feature:57)
</textarea>
      
      </div>
              </div>
          </div>
        </div>
  </div>
  <div class="card">
    <div class="card-header" role="tab">
      <div class="card-title">
        <div class="node" id="193"><span class="badge log fail-bg mr-2">Fail</span>Python Editor page without data</div>
      </div>
    </div>
        <div class="">
          <div class="card-body">
              <div class="step pass-bg" title="steppDef.ds_AlgoTryEditorSteps.the_user_is_on_try_editor_page()">
                <span>Given The user is on tryEditor page</span>
      <div>
      </div>
              </div>
              <div class="step fail-bg" title="steppDef.ds_AlgoTryEditorSteps.the_user_clicks_the_run_button_without_entring_the_code_in_the_editor()">
                <span>When The user clicks the run button without entring the code in the Editor</span>
      <div>
        <textarea disabled class="code-block">org.openqa.selenium.NoSuchElementException: no such element: Unable to locate element: {"method":"xpath","selector":"//*[@id="answer_form"]/div/div/div[6]/div[1]/div/div/div/div[5]/div/pre"}
  (Session info: chrome=119.0.6045.199)
For documentation on this error, please visit: https://www.selenium.dev/documentation/webdriver/troubleshooting/errors#no-such-element-exception
Build info: version: '4.15.0', revision: '1d14b5521b'
System info: os.name: 'Windows 11', os.arch: 'amd64', os.version: '10.0', java.version: '19.0.2'
Driver info: org.openqa.selenium.chrome.ChromeDriver
Command: [a9634fdcb18d70e65e5549da1dc8e919, findElement {using=xpath, value=//*[@id="answer_form"]/div/div/div[6]/div[1]/div/div/div/div[5]/div/pre}]
Capabilities {acceptInsecureCerts: false, browserName: chrome, browserVersion: 119.0.6045.199, chrome: {chromedriverVersion: 119.0.6045.105 (38c72552c5e..., userDataDir: C:\Users\enggn\AppData\Loca...}, fedcm:accounts: true, goog:chromeOptions: {debuggerAddress: localhost:28608}, networkConnectionEnabled: false, pageLoadStrategy: normal, platformName: windows, proxy: Proxy(), se:cdp: ws://localhost:28608/devtoo..., se:cdpVersion: 119.0.6045.199, setWindowRect: true, strictFileInteractability: false, timeouts: {implicit: 0, pageLoad: 300000, script: 30000}, unhandledPromptBehavior: dismiss and notify, webauthn:extension:credBlob: true, webauthn:extension:largeBlob: true, webauthn:extension:minPinLength: true, webauthn:extension:prf: true, webauthn:virtualAuthenticators: true}
Session ID: a9634fdcb18d70e65e5549da1dc8e919
	at java.base/jdk.internal.reflect.DirectConstructorHandleAccessor.newInstance(DirectConstructorHandleAccessor.java:67)
	at java.base/java.lang.reflect.Constructor.newInstanceWithCaller(Constructor.java:500)
	at java.base/java.lang.reflect.Constructor.newInstance(Constructor.java:484)
	at org.openqa.selenium.remote.codec.w3c.W3CHttpResponseCodec.createException(W3CHttpResponseCodec.java:200)
	at org.openqa.selenium.remote.codec.w3c.W3CHttpResponseCodec.decode(W3CHttpResponseCodec.java:133)
	at org.openqa.selenium.remote.codec.w3c.W3CHttpResponseCodec.decode(W3CHttpResponseCodec.java:52)
	at org.openqa.selenium.remote.HttpCommandExecutor.execute(HttpCommandExecutor.java:191)
	at org.openqa.selenium.remote.service.DriverCommandExecutor.invokeExecute(DriverCommandExecutor.java:200)
	at org.openqa.selenium.remote.service.DriverCommandExecutor.execute(DriverCommandExecutor.java:175)
	at org.openqa.selenium.remote.RemoteWebDriver.execute(RemoteWebDriver.java:607)
	at org.openqa.selenium.remote.ElementLocation$ElementFinder$2.findElement(ElementLocation.java:165)
	at org.openqa.selenium.remote.ElementLocation.findElement(ElementLocation.java:59)
	at org.openqa.selenium.remote.RemoteWebDriver.findElement(RemoteWebDriver.java:364)
	at org.openqa.selenium.remote.RemoteWebDriver.findElement(RemoteWebDriver.java:358)
	at org.openqa.selenium.support.pagefactory.DefaultElementLocator.findElement(DefaultElementLocator.java:68)
	at org.openqa.selenium.support.pagefactory.internal.LocatingElementHandler.invoke(LocatingElementHandler.java:38)
	at jdk.proxy2/jdk.proxy2.$Proxy29.isDisplayed(Unknown Source)
	at pages.DSTryhere_PF.blankEditor(DSTryhere_PF.java:86)
	at steppDef.ds_AlgoTryEditorSteps.the_user_clicks_the_run_button_without_entring_the_code_in_the_editor(ds_AlgoTryEditorSteps.java:61)
	at ✽.The user clicks the run button without entring the code in the Editor(file:///C:/Users/enggn/eclipse-workspace/DS_AlgoCh/src/test/resources/feature/05_dsArray.feature:61)
</textarea>
      
      </div>
              </div>
              <div class="step skip-bg" title="steppDef.ds_AlgoTryEditorSteps.nothing_happens_to_the_page_and_no_error_message_is_displayed()">
                <span>Then Nothing happens to the page and no error message is displayed</span>
      <div>Step skipped
      </div>
              </div>
          </div>
        </div>
  </div>
  <div class="card">
    <div class="card-header" role="tab">
      <div class="card-title">
        <div class="node" id="213"><span class="badge log pass-bg mr-2">Pass</span>User go back to the previous page</div>
      </div>
    </div>
        <div class="collapse">
          <div class="card-body">
              <div class="step pass-bg" title="steppDef.ds_AlgoTryEditorSteps.the_user_is_already_on_try_editor_page()">
                <span>Given The user is already on tryEditor page</span>
      <div>
      </div>
              </div>
              <div class="step pass-bg" title="steppDef.ds_AlgoTryEditorSteps.user_able_to_see_output_in_console()">
                <span>When User able to see output in console</span>
      <div>
      </div>
              </div>
              <div class="step pass-bg" title="steppDef.ds_AlgoTryEditorSteps.user_go_back_to_the_previous_page()">
                <span>Then User go back to the previous page</span>
      <div>
      </div>
              </div>
          </div>
        </div>
  </div>
  <div class="card">
    <div class="card-header" role="tab">
      <div class="card-title">
        <div class="node" id="219"><span class="badge log pass-bg mr-2">Pass</span>Array Using List Page</div>
      </div>
    </div>
        <div class="collapse">
          <div class="card-body">
              <div class="step pass-bg" title="steppDef.ds_AlgoArraySteps.the_user_is_on_the_array_using_list_page()">
                <span>Given The  user is on the Array  Using List page</span>
      <div>
      </div>
              </div>
              <div class="step pass-bg" title="steppDef.ds_AlgoArraySteps.the_user_clicks_a_basic_operations_in_lists_link()">
                <span>When The user clicks a Basic Operations in Lists  link</span>
      <div>
      </div>
              </div>
              <div class="step pass-bg" title="steppDef.ds_AlgoArraySteps.the_user_should_be_redirected_to_bo_page(java.lang.String)">
                <span>Then The user should be redirected to "Basic Operations in Lists" BO page.</span>
      <div>
      </div>
              </div>
          </div>
        </div>
  </div>
  <div class="card">
    <div class="card-header" role="tab">
      <div class="card-title">
        <div class="node" id="225"><span class="badge log pass-bg mr-2">Pass</span>Basic operations in Lists page</div>
      </div>
    </div>
        <div class="collapse">
          <div class="card-body">
              <div class="step pass-bg" title="steppDef.ds_AlgoArraySteps.the_user_is_on_the_basic_operations_in_lists_page()">
                <span>Given The  user is on the  Basic Operations in Lists   page</span>
      <div>
      </div>
              </div>
              <div class="step pass-bg" title="steppDef.ds_AlgoArraySteps.the_user_clicks_try_here_button_of_operations_in_lists_page()">
                <span>When The user clicks Try Here button of Operations in Lists Page</span>
      <div>
      </div>
              </div>
              <div class="step pass-bg" title="steppDef.ds_AlgoArraySteps.the_user_should_be_redirected_to_a_page_having_an_python_editor_with_a_url(java.lang.String)">
                <span>Then The user should be redirected to a page having an Python Editor with a url "https://dsportalapp.herokuapp.com/tryEditor"</span>
      <div>
      </div>
              </div>
          </div>
        </div>
  </div>
  <div class="card">
    <div class="card-header" role="tab">
      <div class="card-title">
        <div class="node" id="231"><span class="badge log pass-bg mr-2">Pass</span>Python Editor page without data</div>
      </div>
    </div>
        <div class="collapse">
          <div class="card-body">
              <div class="step pass-bg" title="steppDef.ds_AlgoTryEditorSteps.the_user_is_on_try_editor_page()">
                <span>Given The user is on tryEditor page</span>
      <div>
      </div>
              </div>
              <div class="step pass-bg" title="steppDef.ds_AlgoTryEditorSteps.the_user_clicks_the_run_button_without_entring_the_code_in_the_editor()">
                <span>When The user clicks the run button without entring the code in the Editor</span>
      <div>
      </div>
              </div>
              <div class="step pass-bg" title="steppDef.ds_AlgoTryEditorSteps.nothing_happens_to_the_page_and_no_error_message_is_displayed()">
                <span>Then Nothing happens to the page and no error message is displayed</span>
      <div>
      </div>
              </div>
          </div>
        </div>
  </div>
  <div class="card">
    <div class="card-header" role="tab">
      <div class="card-title">
        <div class="node" id="251"><span class="badge log pass-bg mr-2">Pass</span>User go back to the previous page</div>
      </div>
    </div>
        <div class="collapse">
          <div class="card-body">
              <div class="step pass-bg" title="steppDef.ds_AlgoTryEditorSteps.the_user_is_already_on_try_editor_page()">
                <span>Given The user is already on tryEditor page</span>
      <div>
      </div>
              </div>
              <div class="step pass-bg" title="steppDef.ds_AlgoTryEditorSteps.user_able_to_see_output_in_console()">
                <span>When User able to see output in console</span>
      <div>
      </div>
              </div>
              <div class="step pass-bg" title="steppDef.ds_AlgoTryEditorSteps.user_go_back_to_the_previous_page()">
                <span>Then User go back to the previous page</span>
      <div>
      </div>
              </div>
          </div>
        </div>
  </div>
  <div class="card">
    <div class="card-header" role="tab">
      <div class="card-title">
        <div class="node" id="257"><span class="badge log pass-bg mr-2">Pass</span>Basic operations in Lists page</div>
      </div>
    </div>
        <div class="collapse">
          <div class="card-body">
              <div class="step pass-bg" title="steppDef.ds_AlgoArraySteps.the_user_is_on_the_basic_operations_in_lists_page()">
                <span>Given The  user is on the  Basic Operations in Lists   page</span>
      <div>
      </div>
              </div>
              <div class="step pass-bg" title="steppDef.ds_AlgoArraySteps.the_user_clicks_an_applications_of_array_link()">
                <span>When The user clicks an Applications of Array link</span>
      <div>
      </div>
              </div>
              <div class="step pass-bg" title="steppDef.ds_AlgoArraySteps.the_user_should_be_redirected_to_aa_page(java.lang.String)">
                <span>Then The user should be redirected to "Applications of Array" AA page.</span>
      <div>
      </div>
              </div>
          </div>
        </div>
  </div>
  <div class="card">
    <div class="card-header" role="tab">
      <div class="card-title">
        <div class="node" id="263"><span class="badge log fail-bg mr-2">Fail</span>Application of Array page</div>
      </div>
    </div>
        <div class="">
          <div class="card-body">
              <div class="step pass-bg" title="steppDef.ds_AlgoArraySteps.the_user_is_on_the_applications_of_array_page()">
                <span>Given The  user is on the  Applications of Array page</span>
      <div>
      </div>
              </div>
              <div class="step pass-bg" title="steppDef.ds_AlgoArraySteps.the_user_clicks_practice_questions_link()">
                <span>When The user clicks Practice Questions link</span>
      <div>
      </div>
              </div>
              <div class="step fail-bg" title="steppDef.ds_AlgoArraySteps.the_user_should_be_redirected_to_practice_page_having_links_like_and(java.lang.String,java.lang.String,java.lang.String,java.lang.String,java.lang.String)">
                <span>Then The user should be redirected to practice page having links like "Search the array." ,"Max Consecutive Ones","Find Numbers with Even Number of Digits" and "Squares of a Sorted Array."</span>
      <div>
        <textarea disabled class="code-block">io.cucumber.core.exception.CucumberException: Step [The user should be redirected to practice page having links like {string} ,{string},{string} and {string}] is defined with 5 parameters at 'steppDef.ds_AlgoArraySteps.the_user_should_be_redirected_to_practice_page_having_links_like_and(java.lang.String,java.lang.String,java.lang.String,java.lang.String,java.lang.String)'.
However, the gherkin step has 4 arguments:
 * "Search the array."
 * "Max Consecutive Ones"
 * "Find Numbers with Even Number of Digits"
 * "Squares of a Sorted Array."
Step text: The user should be redirected to practice page having links like "Search the array." ,"Max Consecutive Ones","Find Numbers with Even Number of Digits" and "Squares of a Sorted Array."
	at io.cucumber.core.runner.PickleStepDefinitionMatch.arityMismatch(PickleStepDefinitionMatch.java:83)
	at io.cucumber.core.runner.PickleStepDefinitionMatch.runStep(PickleStepDefinitionMatch.java:42)
	at io.cucumber.core.runner.ExecutionMode$1.execute(ExecutionMode.java:10)
	at io.cucumber.core.runner.TestStep.executeStep(TestStep.java:84)
	at io.cucumber.core.runner.TestStep.run(TestStep.java:56)
	at io.cucumber.core.runner.PickleStepTestStep.run(PickleStepTestStep.java:51)
	at io.cucumber.core.runner.TestCase.run(TestCase.java:84)
	at io.cucumber.core.runner.Runner.runPickle(Runner.java:75)
	at io.cucumber.junit.PickleRunners$NoStepDescriptions.lambda$run$0(PickleRunners.java:151)
	at io.cucumber.core.runtime.CucumberExecutionContext.lambda$runTestCase$5(CucumberExecutionContext.java:137)
	at io.cucumber.core.runtime.RethrowingThrowableCollector.executeAndThrow(RethrowingThrowableCollector.java:23)
	at io.cucumber.core.runtime.CucumberExecutionContext.runTestCase(CucumberExecutionContext.java:137)
	at io.cucumber.junit.PickleRunners$NoStepDescriptions.run(PickleRunners.java:148)
	at io.cucumber.junit.FeatureRunner.runChild(FeatureRunner.java:144)
	at io.cucumber.junit.FeatureRunner.runChild(FeatureRunner.java:28)
	at org.junit.runners.ParentRunner$4.run(ParentRunner.java:331)
	at org.junit.runners.ParentRunner$1.schedule(ParentRunner.java:79)
	at org.junit.runners.ParentRunner.runChildren(ParentRunner.java:329)
	at org.junit.runners.ParentRunner.access$100(ParentRunner.java:66)
	at org.junit.runners.ParentRunner$2.evaluate(ParentRunner.java:293)
	at org.junit.runners.ParentRunner$3.evaluate(ParentRunner.java:306)
	at org.junit.runners.ParentRunner.run(ParentRunner.java:413)
	at io.cucumber.junit.FeatureRunner.run(FeatureRunner.java:137)
	at io.cucumber.junit.Cucumber.runChild(Cucumber.java:196)
	at io.cucumber.junit.Cucumber.runChild(Cucumber.java:89)
	at org.junit.runners.ParentRunner$4.run(ParentRunner.java:331)
	at org.junit.runners.ParentRunner$1.schedule(ParentRunner.java:79)
	at org.junit.runners.ParentRunner.runChildren(ParentRunner.java:329)
	at org.junit.runners.ParentRunner.access$100(ParentRunner.java:66)
	at org.junit.runners.ParentRunner$2.evaluate(ParentRunner.java:293)
	at io.cucumber.core.runtime.CucumberExecutionContext.lambda$runFeatures$6(CucumberExecutionContext.java:148)
	at io.cucumber.core.runtime.CucumberExecutionContext.execute(CucumberExecutionContext.java:163)
	at io.cucumber.core.runtime.CucumberExecutionContext.runFeatures(CucumberExecutionContext.java:146)
	at io.cucumber.junit.Cucumber$StartAndFinishTestRun.evaluate(Cucumber.java:226)
	at org.junit.runners.ParentRunner$3.evaluate(ParentRunner.java:306)
	at org.junit.runners.ParentRunner.run(ParentRunner.java:413)
	at org.eclipse.jdt.internal.junit4.runner.JUnit4TestReference.run(JUnit4TestReference.java:93)
	at org.eclipse.jdt.internal.junit.runner.TestExecution.run(TestExecution.java:40)
	at org.eclipse.jdt.internal.junit.runner.RemoteTestRunner.runTests(RemoteTestRunner.java:529)
	at org.eclipse.jdt.internal.junit.runner.RemoteTestRunner.runTests(RemoteTestRunner.java:756)
	at org.eclipse.jdt.internal.junit.runner.RemoteTestRunner.run(RemoteTestRunner.java:452)
	at org.eclipse.jdt.internal.junit.runner.RemoteTestRunner.main(RemoteTestRunner.java:210)
</textarea>
      
      </div>
              </div>
          </div>
        </div>
  </div>
  <div class="card">
    <div class="card-header" role="tab">
      <div class="card-title">
        <div class="node" id="269"><span class="badge log pass-bg mr-2">Pass</span>Practice Questions page</div>
      </div>
    </div>
        <div class="collapse">
          <div class="card-body">
              <div class="step pass-bg" title="steppDef.ds_AlgoArraySteps.the_user_is_on_practice_page()">
                <span>Given The user is on Practice page</span>
      <div>
      </div>
              </div>
              <div class="step pass-bg" title="steppDef.ds_AlgoArraySteps.the_user_clicks_search_the_array_link()">
                <span>When The user clicks search the array  link</span>
      <div>
      </div>
              </div>
              <div class="step pass-bg" title="steppDef.ds_AlgoArraySteps.the_user_should_be_redirected_to_page_contains_a_question_an_try_editor_with_run_and_submit_buttons(java.lang.String)">
                <span>Then The user should be redirected to "QUESTION" page contains a question,an tryEditor with Run and Submit buttons</span>
      <div>
      </div>
              </div>
          </div>
        </div>
  </div>
  <div class="card">
    <div class="card-header" role="tab">
      <div class="card-title">
        <div class="node" id="275"><span class="badge log pass-bg mr-2">Pass</span>Python Editor page without data</div>
      </div>
    </div>
        <div class="collapse">
          <div class="card-body">
              <div class="step pass-bg" title="steppDef.ds_AlgoTryEditorSteps.the_user_is_on_try_editor_page()">
                <span>Given The user is on tryEditor page</span>
      <div>
      </div>
              </div>
              <div class="step pass-bg" title="steppDef.ds_AlgoTryEditorSteps.the_user_clicks_the_run_button_without_entring_the_code_in_the_editor()">
                <span>When The user clicks the run button without entring the code in the Editor</span>
      <div>
      </div>
              </div>
              <div class="step pass-bg" title="steppDef.ds_AlgoTryEditorSteps.nothing_happens_to_the_page_and_no_error_message_is_displayed()">
                <span>Then Nothing happens to the page and no error message is displayed</span>
      <div>
      </div>
              </div>
          </div>
        </div>
  </div>
  <div class="card">
    <div class="card-header" role="tab">
      <div class="card-title">
        <div class="node" id="295"><span class="badge log pass-bg mr-2">Pass</span>User go back to the previous page</div>
      </div>
    </div>
        <div class="collapse">
          <div class="card-body">
              <div class="step pass-bg" title="steppDef.ds_AlgoTryEditorSteps.the_user_is_already_on_try_editor_page()">
                <span>Given The user is already on tryEditor page</span>
      <div>
      </div>
              </div>
              <div class="step pass-bg" title="steppDef.ds_AlgoTryEditorSteps.user_able_to_see_output_in_console()">
                <span>When User able to see output in console</span>
      <div>
      </div>
              </div>
              <div class="step pass-bg" title="steppDef.ds_AlgoTryEditorSteps.user_go_back_to_the_previous_page()">
                <span>Then User go back to the previous page</span>
      <div>
      </div>
              </div>
          </div>
        </div>
  </div>
  <div class="card">
    <div class="card-header" role="tab">
      <div class="card-title">
        <div class="node" id="301"><span class="badge log fail-bg mr-2">Fail</span>Practice Questions page</div>
      </div>
    </div>
        <div class="">
          <div class="card-body">
              <div class="step pass-bg" title="steppDef.ds_AlgoArraySteps.the_user_is_on_practice_page()">
                <span>Given The user is on Practice page</span>
      <div>
      </div>
              </div>
              <div class="step fail-bg" title="steppDef.ds_AlgoArraySteps.the_user_clicks_max_consecutive_ones_link()">
                <span>When The user clicks Max consecutive ones link</span>
      <div>
        <textarea disabled class="code-block">org.openqa.selenium.NoSuchElementException: no such element: Unable to locate element: {"method":"xpath","selector":"//a[text()="Max Consecutive Ones"]"}
  (Session info: chrome=119.0.6045.199)
For documentation on this error, please visit: https://www.selenium.dev/documentation/webdriver/troubleshooting/errors#no-such-element-exception
Build info: version: '4.15.0', revision: '1d14b5521b'
System info: os.name: 'Windows 11', os.arch: 'amd64', os.version: '10.0', java.version: '19.0.2'
Driver info: org.openqa.selenium.chrome.ChromeDriver
Command: [a9634fdcb18d70e65e5549da1dc8e919, findElement {using=xpath, value=//a[text()="Max Consecutive Ones"]}]
Capabilities {acceptInsecureCerts: false, browserName: chrome, browserVersion: 119.0.6045.199, chrome: {chromedriverVersion: 119.0.6045.105 (38c72552c5e..., userDataDir: C:\Users\enggn\AppData\Loca...}, fedcm:accounts: true, goog:chromeOptions: {debuggerAddress: localhost:28608}, networkConnectionEnabled: false, pageLoadStrategy: normal, platformName: windows, proxy: Proxy(), se:cdp: ws://localhost:28608/devtoo..., se:cdpVersion: 119.0.6045.199, setWindowRect: true, strictFileInteractability: false, timeouts: {implicit: 0, pageLoad: 300000, script: 30000}, unhandledPromptBehavior: dismiss and notify, webauthn:extension:credBlob: true, webauthn:extension:largeBlob: true, webauthn:extension:minPinLength: true, webauthn:extension:prf: true, webauthn:virtualAuthenticators: true}
Session ID: a9634fdcb18d70e65e5549da1dc8e919
	at java.base/jdk.internal.reflect.DirectConstructorHandleAccessor.newInstance(DirectConstructorHandleAccessor.java:67)
	at java.base/java.lang.reflect.Constructor.newInstanceWithCaller(Constructor.java:500)
	at java.base/java.lang.reflect.Constructor.newInstance(Constructor.java:484)
	at org.openqa.selenium.remote.codec.w3c.W3CHttpResponseCodec.createException(W3CHttpResponseCodec.java:200)
	at org.openqa.selenium.remote.codec.w3c.W3CHttpResponseCodec.decode(W3CHttpResponseCodec.java:133)
	at org.openqa.selenium.remote.codec.w3c.W3CHttpResponseCodec.decode(W3CHttpResponseCodec.java:52)
	at org.openqa.selenium.remote.HttpCommandExecutor.execute(HttpCommandExecutor.java:191)
	at org.openqa.selenium.remote.service.DriverCommandExecutor.invokeExecute(DriverCommandExecutor.java:200)
	at org.openqa.selenium.remote.service.DriverCommandExecutor.execute(DriverCommandExecutor.java:175)
	at org.openqa.selenium.remote.RemoteWebDriver.execute(RemoteWebDriver.java:607)
	at org.openqa.selenium.remote.ElementLocation$ElementFinder$2.findElement(ElementLocation.java:165)
	at org.openqa.selenium.remote.ElementLocation.findElement(ElementLocation.java:59)
	at org.openqa.selenium.remote.RemoteWebDriver.findElement(RemoteWebDriver.java:364)
	at org.openqa.selenium.remote.RemoteWebDriver.findElement(RemoteWebDriver.java:358)
	at org.openqa.selenium.support.pagefactory.DefaultElementLocator.findElement(DefaultElementLocator.java:68)
	at org.openqa.selenium.support.pagefactory.internal.LocatingElementHandler.invoke(LocatingElementHandler.java:38)
	at jdk.proxy2/jdk.proxy2.$Proxy29.click(Unknown Source)
	at pages.Arrays_PF.clickArraysMaxConsecutives(Arrays_PF.java:221)
	at steppDef.ds_AlgoArraySteps.the_user_clicks_max_consecutive_ones_link(ds_AlgoArraySteps.java:183)
	at ✽.The user clicks Max consecutive ones link(file:///C:/Users/enggn/eclipse-workspace/DS_AlgoCh/src/test/resources/feature/05_dsArray.feature:176)
</textarea>
      
      </div>
              </div>
              <div class="step skip-bg" title="steppDef.ds_AlgoArraySteps.the_user_should_be_redirected_to_page_contains_a_question_an_try_editor_with_run_and_submit_buttons(java.lang.String)">
                <span>Then The user should be redirected to "QUESTION" page contains a question,an tryEditor with Run and Submit buttons</span>
      <div>Step skipped
      </div>
              </div>
          </div>
        </div>
  </div>
  <div class="card">
    <div class="card-header" role="tab">
      <div class="card-title">
        <div class="node" id="307"><span class="badge log fail-bg mr-2">Fail</span>Python Editor page without data</div>
      </div>
    </div>
        <div class="">
          <div class="card-body">
              <div class="step pass-bg" title="steppDef.ds_AlgoTryEditorSteps.the_user_is_on_try_editor_page()">
                <span>Given The user is on tryEditor page</span>
      <div>
      </div>
              </div>
              <div class="step fail-bg" title="steppDef.ds_AlgoTryEditorSteps.the_user_clicks_the_run_button_without_entring_the_code_in_the_editor()">
                <span>When The user clicks the run button without entring the code in the Editor</span>
      <div>
        <textarea disabled class="code-block">org.openqa.selenium.StaleElementReferenceException: stale element reference: stale element not found
  (Session info: chrome=119.0.6045.199)
For documentation on this error, please visit: https://www.selenium.dev/documentation/webdriver/troubleshooting/errors#stale-element-reference-exception
Build info: version: '4.15.0', revision: '1d14b5521b'
System info: os.name: 'Windows 11', os.arch: 'amd64', os.version: '10.0', java.version: '19.0.2'
Driver info: org.openqa.selenium.chrome.ChromeDriver
Command: [a9634fdcb18d70e65e5549da1dc8e919, clickElement {id=EC250714FE52CD4D855589A48DE84B79_element_194}]
Capabilities {acceptInsecureCerts: false, browserName: chrome, browserVersion: 119.0.6045.199, chrome: {chromedriverVersion: 119.0.6045.105 (38c72552c5e..., userDataDir: C:\Users\enggn\AppData\Loca...}, fedcm:accounts: true, goog:chromeOptions: {debuggerAddress: localhost:28608}, networkConnectionEnabled: false, pageLoadStrategy: normal, platformName: windows, proxy: Proxy(), se:cdp: ws://localhost:28608/devtoo..., se:cdpVersion: 119.0.6045.199, setWindowRect: true, strictFileInteractability: false, timeouts: {implicit: 0, pageLoad: 300000, script: 30000}, unhandledPromptBehavior: dismiss and notify, webauthn:extension:credBlob: true, webauthn:extension:largeBlob: true, webauthn:extension:minPinLength: true, webauthn:extension:prf: true, webauthn:virtualAuthenticators: true}
Element: [[ChromeDriver: chrome on windows (a9634fdcb18d70e65e5549da1dc8e919)] -> xpath: //button[@type='button']]
Session ID: a9634fdcb18d70e65e5549da1dc8e919
	at java.base/jdk.internal.reflect.DirectConstructorHandleAccessor.newInstance(DirectConstructorHandleAccessor.java:67)
	at java.base/java.lang.reflect.Constructor.newInstanceWithCaller(Constructor.java:500)
	at java.base/java.lang.reflect.Constructor.newInstance(Constructor.java:484)
	at org.openqa.selenium.remote.codec.w3c.W3CHttpResponseCodec.createException(W3CHttpResponseCodec.java:200)
	at org.openqa.selenium.remote.codec.w3c.W3CHttpResponseCodec.decode(W3CHttpResponseCodec.java:133)
	at org.openqa.selenium.remote.codec.w3c.W3CHttpResponseCodec.decode(W3CHttpResponseCodec.java:52)
	at org.openqa.selenium.remote.HttpCommandExecutor.execute(HttpCommandExecutor.java:191)
	at org.openqa.selenium.remote.service.DriverCommandExecutor.invokeExecute(DriverCommandExecutor.java:200)
	at org.openqa.selenium.remote.service.DriverCommandExecutor.execute(DriverCommandExecutor.java:175)
	at org.openqa.selenium.remote.RemoteWebDriver.execute(RemoteWebDriver.java:607)
	at org.openqa.selenium.remote.RemoteWebElement.execute(RemoteWebElement.java:224)
	at org.openqa.selenium.remote.RemoteWebElement.click(RemoteWebElement.java:77)
	at java.base/jdk.internal.reflect.DirectMethodHandleAccessor.invoke(DirectMethodHandleAccessor.java:104)
	at java.base/java.lang.reflect.Method.invoke(Method.java:578)
	at org.openqa.selenium.support.pagefactory.internal.LocatingElementHandler.invoke(LocatingElementHandler.java:51)
	at jdk.proxy2/jdk.proxy2.$Proxy29.click(Unknown Source)
	at pages.DSTryhere_PF.clickRun(DSTryhere_PF.java:96)
	at steppDef.ds_AlgoTryEditorSteps.the_user_clicks_the_run_button_without_entring_the_code_in_the_editor(ds_AlgoTryEditorSteps.java:62)
	at ✽.The user clicks the run button without entring the code in the Editor(file:///C:/Users/enggn/eclipse-workspace/DS_AlgoCh/src/test/resources/feature/05_dsArray.feature:181)
</textarea>
      
      </div>
              </div>
              <div class="step skip-bg" title="steppDef.ds_AlgoTryEditorSteps.nothing_happens_to_the_page_and_no_error_message_is_displayed()">
                <span>Then Nothing happens to the page and no error message is displayed</span>
      <div>Step skipped
      </div>
              </div>
          </div>
        </div>
  </div>
  <div class="card">
    <div class="card-header" role="tab">
      <div class="card-title">
        <div class="node" id="327"><span class="badge log pass-bg mr-2">Pass</span>User go back to the previous page</div>
      </div>
    </div>
        <div class="collapse">
          <div class="card-body">
              <div class="step pass-bg" title="steppDef.ds_AlgoTryEditorSteps.the_user_is_already_on_try_editor_page()">
                <span>Given The user is already on tryEditor page</span>
      <div>
      </div>
              </div>
              <div class="step pass-bg" title="steppDef.ds_AlgoTryEditorSteps.user_able_to_see_output_in_console()">
                <span>When User able to see output in console</span>
      <div>
      </div>
              </div>
              <div class="step pass-bg" title="steppDef.ds_AlgoTryEditorSteps.user_go_back_to_the_previous_page()">
                <span>Then User go back to the previous page</span>
      <div>
      </div>
              </div>
          </div>
        </div>
  </div>
  <div class="card">
    <div class="card-header" role="tab">
      <div class="card-title">
        <div class="node" id="333"><span class="badge log fail-bg mr-2">Fail</span>Practice Questions page</div>
      </div>
    </div>
        <div class="">
          <div class="card-body">
              <div class="step pass-bg" title="steppDef.ds_AlgoArraySteps.the_user_is_on_practice_page()">
                <span>Given The user is on Practice page</span>
      <div>
      </div>
              </div>
              <div class="step fail-bg" title="steppDef.ds_AlgoArraySteps.the_user_clicks_find_numbers_with_even_number_of_digits_link()">
                <span>When The user clicks Find numbers with even number of digits link</span>
      <div>
        <textarea disabled class="code-block">org.openqa.selenium.NoSuchElementException: no such element: Unable to locate element: {"method":"xpath","selector":"//a[text()="Find Numbers with Even Number of Digits"]"}
  (Session info: chrome=119.0.6045.199)
For documentation on this error, please visit: https://www.selenium.dev/documentation/webdriver/troubleshooting/errors#no-such-element-exception
Build info: version: '4.15.0', revision: '1d14b5521b'
System info: os.name: 'Windows 11', os.arch: 'amd64', os.version: '10.0', java.version: '19.0.2'
Driver info: org.openqa.selenium.chrome.ChromeDriver
Command: [a9634fdcb18d70e65e5549da1dc8e919, findElement {using=xpath, value=//a[text()="Find Numbers with Even Number of Digits"]}]
Capabilities {acceptInsecureCerts: false, browserName: chrome, browserVersion: 119.0.6045.199, chrome: {chromedriverVersion: 119.0.6045.105 (38c72552c5e..., userDataDir: C:\Users\enggn\AppData\Loca...}, fedcm:accounts: true, goog:chromeOptions: {debuggerAddress: localhost:28608}, networkConnectionEnabled: false, pageLoadStrategy: normal, platformName: windows, proxy: Proxy(), se:cdp: ws://localhost:28608/devtoo..., se:cdpVersion: 119.0.6045.199, setWindowRect: true, strictFileInteractability: false, timeouts: {implicit: 0, pageLoad: 300000, script: 30000}, unhandledPromptBehavior: dismiss and notify, webauthn:extension:credBlob: true, webauthn:extension:largeBlob: true, webauthn:extension:minPinLength: true, webauthn:extension:prf: true, webauthn:virtualAuthenticators: true}
Session ID: a9634fdcb18d70e65e5549da1dc8e919
	at java.base/jdk.internal.reflect.DirectConstructorHandleAccessor.newInstance(DirectConstructorHandleAccessor.java:67)
	at java.base/java.lang.reflect.Constructor.newInstanceWithCaller(Constructor.java:500)
	at java.base/java.lang.reflect.Constructor.newInstance(Constructor.java:484)
	at org.openqa.selenium.remote.codec.w3c.W3CHttpResponseCodec.createException(W3CHttpResponseCodec.java:200)
	at org.openqa.selenium.remote.codec.w3c.W3CHttpResponseCodec.decode(W3CHttpResponseCodec.java:133)
	at org.openqa.selenium.remote.codec.w3c.W3CHttpResponseCodec.decode(W3CHttpResponseCodec.java:52)
	at org.openqa.selenium.remote.HttpCommandExecutor.execute(HttpCommandExecutor.java:191)
	at org.openqa.selenium.remote.service.DriverCommandExecutor.invokeExecute(DriverCommandExecutor.java:200)
	at org.openqa.selenium.remote.service.DriverCommandExecutor.execute(DriverCommandExecutor.java:175)
	at org.openqa.selenium.remote.RemoteWebDriver.execute(RemoteWebDriver.java:607)
	at org.openqa.selenium.remote.ElementLocation$ElementFinder$2.findElement(ElementLocation.java:165)
	at org.openqa.selenium.remote.ElementLocation.findElement(ElementLocation.java:59)
	at org.openqa.selenium.remote.RemoteWebDriver.findElement(RemoteWebDriver.java:364)
	at org.openqa.selenium.remote.RemoteWebDriver.findElement(RemoteWebDriver.java:358)
	at org.openqa.selenium.support.pagefactory.DefaultElementLocator.findElement(DefaultElementLocator.java:68)
	at org.openqa.selenium.support.pagefactory.internal.LocatingElementHandler.invoke(LocatingElementHandler.java:38)
	at jdk.proxy2/jdk.proxy2.$Proxy29.click(Unknown Source)
	at pages.Arrays_PF.clickArraysEvennumbers(Arrays_PF.java:227)
	at steppDef.ds_AlgoArraySteps.the_user_clicks_find_numbers_with_even_number_of_digits_link(ds_AlgoArraySteps.java:189)
	at ✽.The user clicks Find numbers with even number of digits link(file:///C:/Users/enggn/eclipse-workspace/DS_AlgoCh/src/test/resources/feature/05_dsArray.feature:211)
</textarea>
      
      </div>
              </div>
              <div class="step skip-bg" title="steppDef.ds_AlgoArraySteps.the_user_should_be_redirected_to_page_contains_a_question_an_try_editor_with_run_and_submit_buttons(java.lang.String)">
                <span>Then The user should be redirected to "QUESTION" page contains a question,an tryEditor with Run and Submit buttons</span>
      <div>Step skipped
      </div>
              </div>
          </div>
        </div>
  </div>
  <div class="card">
    <div class="card-header" role="tab">
      <div class="card-title">
        <div class="node" id="339"><span class="badge log pass-bg mr-2">Pass</span>Python Editor page without data</div>
      </div>
    </div>
        <div class="collapse">
          <div class="card-body">
              <div class="step pass-bg" title="steppDef.ds_AlgoTryEditorSteps.the_user_is_on_try_editor_page()">
                <span>Given The user is on tryEditor page</span>
      <div>
      </div>
              </div>
              <div class="step pass-bg" title="steppDef.ds_AlgoTryEditorSteps.the_user_clicks_the_run_button_without_entring_the_code_in_the_editor()">
                <span>When The user clicks the run button without entring the code in the Editor</span>
      <div>
      </div>
              </div>
              <div class="step pass-bg" title="steppDef.ds_AlgoTryEditorSteps.nothing_happens_to_the_page_and_no_error_message_is_displayed()">
                <span>Then Nothing happens to the page and no error message is displayed</span>
      <div>
      </div>
              </div>
          </div>
        </div>
  </div>
  <div class="card">
    <div class="card-header" role="tab">
      <div class="card-title">
        <div class="node" id="359"><span class="badge log pass-bg mr-2">Pass</span>User go back to the previous page</div>
      </div>
    </div>
        <div class="collapse">
          <div class="card-body">
              <div class="step pass-bg" title="steppDef.ds_AlgoTryEditorSteps.the_user_is_already_on_try_editor_page()">
                <span>Given The user is already on tryEditor page</span>
      <div>
      </div>
              </div>
              <div class="step pass-bg" title="steppDef.ds_AlgoTryEditorSteps.user_able_to_see_output_in_console()">
                <span>When User able to see output in console</span>
      <div>
      </div>
              </div>
              <div class="step pass-bg" title="steppDef.ds_AlgoTryEditorSteps.user_go_back_to_the_previous_page()">
                <span>Then User go back to the previous page</span>
      <div>
      </div>
              </div>
          </div>
        </div>
  </div>
  <div class="card">
    <div class="card-header" role="tab">
      <div class="card-title">
        <div class="node" id="365"><span class="badge log fail-bg mr-2">Fail</span>Practice Questions page</div>
      </div>
    </div>
        <div class="">
          <div class="card-body">
              <div class="step pass-bg" title="steppDef.ds_AlgoArraySteps.the_user_is_on_practice_page()">
                <span>Given The user is on Practice page</span>
      <div>
      </div>
              </div>
              <div class="step fail-bg" title="steppDef.ds_AlgoArraySteps.the_user_clicks_squared_of_the_sorted_array_link()">
                <span>When The user clicks squared of the sorted array link</span>
      <div>
        <textarea disabled class="code-block">org.openqa.selenium.NoSuchElementException: no such element: Unable to locate element: {"method":"xpath","selector":"//a[text()="Squares of  a Sorted Array"]"}
  (Session info: chrome=119.0.6045.199)
For documentation on this error, please visit: https://www.selenium.dev/documentation/webdriver/troubleshooting/errors#no-such-element-exception
Build info: version: '4.15.0', revision: '1d14b5521b'
System info: os.name: 'Windows 11', os.arch: 'amd64', os.version: '10.0', java.version: '19.0.2'
Driver info: org.openqa.selenium.chrome.ChromeDriver
Command: [a9634fdcb18d70e65e5549da1dc8e919, findElement {using=xpath, value=//a[text()="Squares of  a Sorted Array"]}]
Capabilities {acceptInsecureCerts: false, browserName: chrome, browserVersion: 119.0.6045.199, chrome: {chromedriverVersion: 119.0.6045.105 (38c72552c5e..., userDataDir: C:\Users\enggn\AppData\Loca...}, fedcm:accounts: true, goog:chromeOptions: {debuggerAddress: localhost:28608}, networkConnectionEnabled: false, pageLoadStrategy: normal, platformName: windows, proxy: Proxy(), se:cdp: ws://localhost:28608/devtoo..., se:cdpVersion: 119.0.6045.199, setWindowRect: true, strictFileInteractability: false, timeouts: {implicit: 0, pageLoad: 300000, script: 30000}, unhandledPromptBehavior: dismiss and notify, webauthn:extension:credBlob: true, webauthn:extension:largeBlob: true, webauthn:extension:minPinLength: true, webauthn:extension:prf: true, webauthn:virtualAuthenticators: true}
Session ID: a9634fdcb18d70e65e5549da1dc8e919
	at java.base/jdk.internal.reflect.DirectConstructorHandleAccessor.newInstance(DirectConstructorHandleAccessor.java:67)
	at java.base/java.lang.reflect.Constructor.newInstanceWithCaller(Constructor.java:500)
	at java.base/java.lang.reflect.Constructor.newInstance(Constructor.java:484)
	at org.openqa.selenium.remote.codec.w3c.W3CHttpResponseCodec.createException(W3CHttpResponseCodec.java:200)
	at org.openqa.selenium.remote.codec.w3c.W3CHttpResponseCodec.decode(W3CHttpResponseCodec.java:133)
	at org.openqa.selenium.remote.codec.w3c.W3CHttpResponseCodec.decode(W3CHttpResponseCodec.java:52)
	at org.openqa.selenium.remote.HttpCommandExecutor.execute(HttpCommandExecutor.java:191)
	at org.openqa.selenium.remote.service.DriverCommandExecutor.invokeExecute(DriverCommandExecutor.java:200)
	at org.openqa.selenium.remote.service.DriverCommandExecutor.execute(DriverCommandExecutor.java:175)
	at org.openqa.selenium.remote.RemoteWebDriver.execute(RemoteWebDriver.java:607)
	at org.openqa.selenium.remote.ElementLocation$ElementFinder$2.findElement(ElementLocation.java:165)
	at org.openqa.selenium.remote.ElementLocation.findElement(ElementLocation.java:59)
	at org.openqa.selenium.remote.RemoteWebDriver.findElement(RemoteWebDriver.java:364)
	at org.openqa.selenium.remote.RemoteWebDriver.findElement(RemoteWebDriver.java:358)
	at org.openqa.selenium.support.pagefactory.DefaultElementLocator.findElement(DefaultElementLocator.java:68)
	at org.openqa.selenium.support.pagefactory.internal.LocatingElementHandler.invoke(LocatingElementHandler.java:38)
	at jdk.proxy2/jdk.proxy2.$Proxy29.click(Unknown Source)
	at pages.Arrays_PF.clickArraysSortedSquares(Arrays_PF.java:224)
	at steppDef.ds_AlgoArraySteps.the_user_clicks_squared_of_the_sorted_array_link(ds_AlgoArraySteps.java:194)
	at ✽.The user clicks squared of the sorted array link(file:///C:/Users/enggn/eclipse-workspace/DS_AlgoCh/src/test/resources/feature/05_dsArray.feature:246)
</textarea>
      
      </div>
              </div>
              <div class="step skip-bg" title="steppDef.ds_AlgoArraySteps.the_user_should_be_redirected_to_page_contains_a_question_an_try_editor_with_run_and_submit_buttons(java.lang.String)">
                <span>Then The user should be redirected to "QUESTION" page contains a question,an tryEditor with Run and Submit buttons</span>
      <div>Step skipped
      </div>
              </div>
          </div>
        </div>
  </div>
  <div class="card">
    <div class="card-header" role="tab">
      <div class="card-title">
        <div class="node" id="371"><span class="badge log pass-bg mr-2">Pass</span>Python Editor page without data</div>
      </div>
    </div>
        <div class="collapse">
          <div class="card-body">
              <div class="step pass-bg" title="steppDef.ds_AlgoTryEditorSteps.the_user_is_on_try_editor_page()">
                <span>Given The user is on tryEditor page</span>
      <div>
      </div>
              </div>
              <div class="step pass-bg" title="steppDef.ds_AlgoTryEditorSteps.the_user_clicks_the_run_button_without_entring_the_code_in_the_editor()">
                <span>When The user clicks the run button without entring the code in the Editor</span>
      <div>
      </div>
              </div>
              <div class="step pass-bg" title="steppDef.ds_AlgoTryEditorSteps.nothing_happens_to_the_page_and_no_error_message_is_displayed()">
                <span>Then Nothing happens to the page and no error message is displayed</span>
      <div>
      </div>
              </div>
          </div>
        </div>
  </div>
  <div class="card">
    <div class="card-header" role="tab">
      <div class="card-title">
        <div class="node" id="391"><span class="badge log pass-bg mr-2">Pass</span>User go back to the previous page</div>
      </div>
    </div>
        <div class="collapse">
          <div class="card-body">
              <div class="step pass-bg" title="steppDef.ds_AlgoTryEditorSteps.the_user_is_already_on_try_editor_page()">
                <span>Given The user is already on tryEditor page</span>
      <div>
      </div>
              </div>
              <div class="step pass-bg" title="steppDef.ds_AlgoTryEditorSteps.user_able_to_see_output_in_console()">
                <span>When User able to see output in console</span>
      <div>
      </div>
              </div>
              <div class="step pass-bg" title="steppDef.ds_AlgoTryEditorSteps.user_go_back_to_the_previous_page()">
                <span>Then User go back to the previous page</span>
      <div>
      </div>
              </div>
          </div>
        </div>
  </div>
</div>
          </div>
        </li>
      </ul>
    </div>
  </div>
<div class="test-content scrollable">
<div class="test-content-tools">
<ul><li><a class="back-to-test" href="#"><i class="fa fa-arrow-left"></i></a></li></ul>
</div>
<div class="test-content-detail"><div class="detail-body"></div></div>
</div></div>
<div class="test-wrapper row view category-view attributes-view">
<div class="test-list">
<div class="test-list-tools">
<ul class="tools pull-left"><li><a href=""><span class="font-size-14">Category</span></a></li></ul>
<ul class="tools text-right"><li><a href="#"><span class="badge badge-primary">14</span></a></li></ul>
</div>
<div class="test-list-wrapper scrollable">
<ul class="test-list-item">
<li class="test-item">
<div class="test-detail">
<span class="meta">
<span class='badge log badge-danger'>1</span>
</span>
<p class="name">@ComplexityPage</p>
<p class="duration text-sm">1 tests</p>
</div>
<div class="test-contents d-none">
<div class="info">
<h4>@ComplexityPage</h4>
<span status="fail" class='badge log badge-danger'>1 failed</span>
</div>
<table class='table table-sm mt-4'>
<thead>
<tr>
<th class="status-col">Status</th>
<th class="timestamp-col">Timestamp</th>
<th>TestName</th>
</tr>
</thead>
<tbody>
<tr class="tag-test-status" status="fail">
<td><span class="badge log fail-bg">Fail</span></td>
<td>19:54:34 PM</td>
<td>
<a href="#" class="linked" test-id='84' id='97'>Time Complexity Page</a>
<div class="">
<span class="badge badge-default">To Automate the page of Array.Time Complexity Page</span>
</div>
</td>
</tr>
</tbody>
</table>
</div>
</li>
<li class="test-item">
<div class="test-detail">
<span class="meta">
<span class='badge log pass-bg'>1</span>
</span>
<p class="name">@Signin_page(validUsernameInvPwd)</p>
<p class="duration text-sm">1 tests</p>
</div>
<div class="test-contents d-none">
<div class="info">
<h4>@Signin_page(validUsernameInvPwd)</h4>
<span status="pass" class='badge log pass-bg'>1 passed</span>
</div>
<table class='table table-sm mt-4'>
<thead>
<tr>
<th class="status-col">Status</th>
<th class="timestamp-col">Timestamp</th>
<th>TestName</th>
</tr>
</thead>
<tbody>
<tr class="tag-test-status" status="pass">
<td><span class="badge log pass-bg">Pass</span></td>
<td>19:54:33 PM</td>
<td>
<a href="#" class="linked" test-id='33' id='72'>DS Algo Introduction Page</a>
<div class="">
<span class="badge badge-default">to automate Signin page of DS_Algo.DS Algo Introduction Page</span>
</div>
</td>
</tr>
</tbody>
</table>
</div>
</li>
<li class="test-item">
<div class="test-detail">
<span class="meta">
<span class='badge log pass-bg'>1</span>
</span>
<p class="name">@Signin_page(invalidusernamePwd)</p>
<p class="duration text-sm">1 tests</p>
</div>
<div class="test-contents d-none">
<div class="info">
<h4>@Signin_page(invalidusernamePwd)</h4>
<span status="pass" class='badge log pass-bg'>1 passed</span>
</div>
<table class='table table-sm mt-4'>
<thead>
<tr>
<th class="status-col">Status</th>
<th class="timestamp-col">Timestamp</th>
<th>TestName</th>
</tr>
</thead>
<tbody>
<tr class="tag-test-status" status="pass">
<td><span class="badge log pass-bg">Pass</span></td>
<td>19:54:32 PM</td>
<td>
<a href="#" class="linked" test-id='33' id='60'>DS Algo Introduction Page</a>
<div class="">
<span class="badge badge-default">to automate Signin page of DS_Algo.DS Algo Introduction Page</span>
</div>
</td>
</tr>
</tbody>
</table>
</div>
</li>
<li class="test-item">
<div class="test-detail">
<span class="meta">
<span class='badge log pass-bg'>1</span>
</span>
<p class="name">@Signin_page(validUsernameinvalidPassword)</p>
<p class="duration text-sm">1 tests</p>
</div>
<div class="test-contents d-none">
<div class="info">
<h4>@Signin_page(validUsernameinvalidPassword)</h4>
<span status="pass" class='badge log pass-bg'>1 passed</span>
</div>
<table class='table table-sm mt-4'>
<thead>
<tr>
<th class="status-col">Status</th>
<th class="timestamp-col">Timestamp</th>
<th>TestName</th>
</tr>
</thead>
<tbody>
<tr class="tag-test-status" status="pass">
<td><span class="badge log pass-bg">Pass</span></td>
<td>19:54:33 PM</td>
<td>
<a href="#" class="linked" test-id='33' id='66'>DS Algo Introduction Page</a>
<div class="">
<span class="badge badge-default">to automate Signin page of DS_Algo.DS Algo Introduction Page</span>
</div>
</td>
</tr>
</tbody>
</table>
</div>
</li>
<li class="test-item">
<div class="test-detail">
<span class="meta">
<span class='badge log pass-bg'>1</span>
</span>
<p class="name">@Signin_page(link)</p>
<p class="duration text-sm">1 tests</p>
</div>
<div class="test-contents d-none">
<div class="info">
<h4>@Signin_page(link)</h4>
<span status="pass" class='badge log pass-bg'>1 passed</span>
</div>
<table class='table table-sm mt-4'>
<thead>
<tr>
<th class="status-col">Status</th>
<th class="timestamp-col">Timestamp</th>
<th>TestName</th>
</tr>
</thead>
<tbody>
<tr class="tag-test-status" status="pass">
<td><span class="badge log pass-bg">Pass</span></td>
<td>19:54:32 PM</td>
<td>
<a href="#" class="linked" test-id='33' id='34'>DS Algo Introduction Page</a>
<div class="">
<span class="badge badge-default">to automate Signin page of DS_Algo.DS Algo Introduction Page</span>
</div>
</td>
</tr>
</tbody>
</table>
</div>
</li>
<li class="test-item">
<div class="test-detail">
<span class="meta">
<span class='badge log pass-bg'>1</span>
</span>
<p class="name">@Signin_page(enteronlypwd)</p>
<p class="duration text-sm">1 tests</p>
</div>
<div class="test-contents d-none">
<div class="info">
<h4>@Signin_page(enteronlypwd)</h4>
<span status="pass" class='badge log pass-bg'>1 passed</span>
</div>
<table class='table table-sm mt-4'>
<thead>
<tr>
<th class="status-col">Status</th>
<th class="timestamp-col">Timestamp</th>
<th>TestName</th>
</tr>
</thead>
<tbody>
<tr class="tag-test-status" status="pass">
<td><span class="badge log pass-bg">Pass</span></td>
<td>19:54:32 PM</td>
<td>
<a href="#" class="linked" test-id='33' id='54'>DS Algo Introduction Page</a>
<div class="">
<span class="badge badge-default">to automate Signin page of DS_Algo.DS Algo Introduction Page</span>
</div>
</td>
</tr>
</tbody>
</table>
</div>
</li>
<li class="test-item">
<div class="test-detail">
<span class="meta">
<span class='badge log pass-bg'>1</span>
</span>
<p class="name">@HomePage</p>
<p class="duration text-sm">1 tests</p>
</div>
<div class="test-contents d-none">
<div class="info">
<h4>@HomePage</h4>
<span status="pass" class='badge log pass-bg'>1 passed</span>
</div>
<table class='table table-sm mt-4'>
<thead>
<tr>
<th class="status-col">Status</th>
<th class="timestamp-col">Timestamp</th>
<th>TestName</th>
</tr>
</thead>
<tbody>
<tr class="tag-test-status" status="pass">
<td><span class="badge log pass-bg">Pass</span></td>
<td>19:54:34 PM</td>
<td>
<a href="#" class="linked" test-id='84' id='85'>Home Page</a>
<div class="">
<span class="badge badge-default">To Automate the page of Array.Home Page</span>
</div>
</td>
</tr>
</tbody>
</table>
</div>
</li>
<li class="test-item">
<div class="test-detail">
<span class="meta">
<span class='badge log pass-bg'>1</span>
</span>
<p class="name">@Intro_page</p>
<p class="duration text-sm">1 tests</p>
</div>
<div class="test-contents d-none">
<div class="info">
<h4>@Intro_page</h4>
<span status="pass" class='badge log pass-bg'>1 passed</span>
</div>
<table class='table table-sm mt-4'>
<thead>
<tr>
<th class="status-col">Status</th>
<th class="timestamp-col">Timestamp</th>
<th>TestName</th>
</tr>
</thead>
<tbody>
<tr class="tag-test-status" status="pass">
<td><span class="badge log pass-bg">Pass</span></td>
<td>19:54:31 PM</td>
<td>
<a href="#" class="linked" test-id='1' id='15'>DS Introduction page</a>
<div class="">
<span class="badge badge-default">To Automate Introduction page of DS_Algo.DS Introduction page</span>
</div>
</td>
</tr>
</tbody>
</table>
</div>
</li>
<li class="test-item">
<div class="test-detail">
<span class="meta">
<span class='badge log pass-bg'>1</span>
</span>
<p class="name">@DSPage</p>
<p class="duration text-sm">1 tests</p>
</div>
<div class="test-contents d-none">
<div class="info">
<h4>@DSPage</h4>
<span status="pass" class='badge log pass-bg'>1 passed</span>
</div>
<table class='table table-sm mt-4'>
<thead>
<tr>
<th class="status-col">Status</th>
<th class="timestamp-col">Timestamp</th>
<th>TestName</th>
</tr>
</thead>
<tbody>
<tr class="tag-test-status" status="pass">
<td><span class="badge log pass-bg">Pass</span></td>
<td>19:54:34 PM</td>
<td>
<a href="#" class="linked" test-id='84' id='91'>Data Structure Home page</a>
<div class="">
<span class="badge badge-default">To Automate the page of Array.Data Structure Home page</span>
</div>
</td>
</tr>
</tbody>
</table>
</div>
</li>
<li class="test-item">
<div class="test-detail">
<span class="meta">
<span class='badge log pass-bg'>1</span>
</span>
<p class="name">@Signin_page(enteronlyusername)</p>
<p class="duration text-sm">1 tests</p>
</div>
<div class="test-contents d-none">
<div class="info">
<h4>@Signin_page(enteronlyusername)</h4>
<span status="pass" class='badge log pass-bg'>1 passed</span>
</div>
<table class='table table-sm mt-4'>
<thead>
<tr>
<th class="status-col">Status</th>
<th class="timestamp-col">Timestamp</th>
<th>TestName</th>
</tr>
</thead>
<tbody>
<tr class="tag-test-status" status="pass">
<td><span class="badge log pass-bg">Pass</span></td>
<td>19:54:32 PM</td>
<td>
<a href="#" class="linked" test-id='33' id='48'>DS Algo Introduction Page</a>
<div class="">
<span class="badge badge-default">to automate Signin page of DS_Algo.DS Algo Introduction Page</span>
</div>
</td>
</tr>
</tbody>
</table>
</div>
</li>
<li class="test-item">
<div class="test-detail">
<span class="meta">
<span class='badge log pass-bg'>1</span>
</span>
<p class="name">@Signin_page(valid)</p>
<p class="duration text-sm">1 tests</p>
</div>
<div class="test-contents d-none">
<div class="info">
<h4>@Signin_page(valid)</h4>
<span status="pass" class='badge log pass-bg'>1 passed</span>
</div>
<table class='table table-sm mt-4'>
<thead>
<tr>
<th class="status-col">Status</th>
<th class="timestamp-col">Timestamp</th>
<th>TestName</th>
</tr>
</thead>
<tbody>
<tr class="tag-test-status" status="pass">
<td><span class="badge log pass-bg">Pass</span></td>
<td>19:54:33 PM</td>
<td>
<a href="#" class="linked" test-id='33' id='78'>DS Algo Introduction Page</a>
<div class="">
<span class="badge badge-default">to automate Signin page of DS_Algo.DS Algo Introduction Page</span>
</div>
</td>
</tr>
</tbody>
</table>
</div>
</li>
<li class="test-item">
<div class="test-detail">
<span class="meta">
<span class='badge log pass-bg'>1</span>
</span>
<p class="name">@PracticePage</p>
<p class="duration text-sm">1 tests</p>
</div>
<div class="test-contents d-none">
<div class="info">
<h4>@PracticePage</h4>
<span status="pass" class='badge log pass-bg'>1 passed</span>
</div>
<table class='table table-sm mt-4'>
<thead>
<tr>
<th class="status-col">Status</th>
<th class="timestamp-col">Timestamp</th>
<th>TestName</th>
</tr>
</thead>
<tbody>
<tr class="tag-test-status" status="pass">
<td><span class="badge log pass-bg">Pass</span></td>
<td>19:54:38 PM</td>
<td>
<a href="#" class="linked" test-id='84' id='131'>Time Complexity Page</a>
<div class="">
<span class="badge badge-default">To Automate the page of Array.Time Complexity Page</span>
</div>
</td>
</tr>
</tbody>
</table>
</div>
</li>
<li class="test-item">
<div class="test-detail">
<span class="meta">
<span class='badge log pass-bg'>7</span>
</span>
<p class="name">@Signin_page(allBlank)</p>
<p class="duration text-sm">7 tests</p>
</div>
<div class="test-contents d-none">
<div class="info">
<h4>@Signin_page(allBlank)</h4>
<span status="pass" class='badge log pass-bg'>7 passed</span>
</div>
<table class='table table-sm mt-4'>
<thead>
<tr>
<th class="status-col">Status</th>
<th class="timestamp-col">Timestamp</th>
<th>TestName</th>
</tr>
</thead>
<tbody>
<tr class="tag-test-status" status="pass">
<td><span class="badge log pass-bg">Pass</span></td>
<td>19:54:32 PM</td>
<td>
<a href="#" class="linked" test-id='33' id='42'>DS Algo Introduction Page</a>
<div class="">
<span class="badge badge-default">to automate Signin page of DS_Algo.DS Algo Introduction Page</span>
</div>
</td>
</tr>
<tr class="tag-test-status" status="pass">
<td><span class="badge log pass-bg">Pass</span></td>
<td>19:54:32 PM</td>
<td>
<a href="#" class="linked" test-id='33' id='48'>DS Algo Introduction Page</a>
<div class="">
<span class="badge badge-default">to automate Signin page of DS_Algo.DS Algo Introduction Page</span>
</div>
</td>
</tr>
<tr class="tag-test-status" status="pass">
<td><span class="badge log pass-bg">Pass</span></td>
<td>19:54:32 PM</td>
<td>
<a href="#" class="linked" test-id='33' id='54'>DS Algo Introduction Page</a>
<div class="">
<span class="badge badge-default">to automate Signin page of DS_Algo.DS Algo Introduction Page</span>
</div>
</td>
</tr>
<tr class="tag-test-status" status="pass">
<td><span class="badge log pass-bg">Pass</span></td>
<td>19:54:32 PM</td>
<td>
<a href="#" class="linked" test-id='33' id='60'>DS Algo Introduction Page</a>
<div class="">
<span class="badge badge-default">to automate Signin page of DS_Algo.DS Algo Introduction Page</span>
</div>
</td>
</tr>
<tr class="tag-test-status" status="pass">
<td><span class="badge log pass-bg">Pass</span></td>
<td>19:54:33 PM</td>
<td>
<a href="#" class="linked" test-id='33' id='66'>DS Algo Introduction Page</a>
<div class="">
<span class="badge badge-default">to automate Signin page of DS_Algo.DS Algo Introduction Page</span>
</div>
</td>
</tr>
<tr class="tag-test-status" status="pass">
<td><span class="badge log pass-bg">Pass</span></td>
<td>19:54:33 PM</td>
<td>
<a href="#" class="linked" test-id='33' id='72'>DS Algo Introduction Page</a>
<div class="">
<span class="badge badge-default">to automate Signin page of DS_Algo.DS Algo Introduction Page</span>
</div>
</td>
</tr>
<tr class="tag-test-status" status="pass">
<td><span class="badge log pass-bg">Pass</span></td>
<td>19:54:33 PM</td>
<td>
<a href="#" class="linked" test-id='33' id='78'>DS Algo Introduction Page</a>
<div class="">
<span class="badge badge-default">to automate Signin page of DS_Algo.DS Algo Introduction Page</span>
</div>
</td>
</tr>
</tbody>
</table>
</div>
</li>
<li class="test-item">
<div class="test-detail">
<span class="meta">
<span class='badge log pass-bg'>1</span>
</span>
<p class="name">@Start_page</p>
<p class="duration text-sm">1 tests</p>
</div>
<div class="test-contents d-none">
<div class="info">
<h4>@Start_page</h4>
<span status="pass" class='badge log pass-bg'>1 passed</span>
</div>
<table class='table table-sm mt-4'>
<thead>
<tr>
<th class="status-col">Status</th>
<th class="timestamp-col">Timestamp</th>
<th>TestName</th>
</tr>
</thead>
<tbody>
<tr class="tag-test-status" status="pass">
<td><span class="badge log pass-bg">Pass</span></td>
<td>19:54:31 PM</td>
<td>
<a href="#" class="linked" test-id='1' id='9'>DS Algo Get Started page</a>
<div class="">
<span class="badge badge-default">To Automate Introduction page of DS_Algo.DS Algo Get Started page</span>
</div>
</td>
</tr>
</tbody>
</table>
</div>
</li>
</ul>
</div>
</div>
<div class="test-content scrollable">
<div class="test-content-detail">
<div class="detail-body"></div>
</div>
</div>
</div><div class="test-wrapper row view exception-view attributes-view">
<div class="test-list">
<div class="test-list-tools">
<ul class="tools pull-left"><li><a href=""><span class="font-size-14">Exception</span></a></li></ul>
<ul class="tools text-right"><li><a href="#"><span class="badge badge-primary">5</span></a></li></ul>
</div>
<div class="test-list-wrapper scrollable">
<ul class="test-list-item">
<li class="test-item">
<div class="test-detail">
<span class="meta">
<span class='badge log badge-danger'>1</span>
</span>
<p class="name">org.openqa.selenium.StaleElementReferenceException</p>
<p class="duration text-sm">1 tests</p>
</div>
<div class="test-contents d-none">
<div class="info">
<h4>org.openqa.selenium.StaleElementReferenceException</h4>
<span status="fail" class='badge log badge-danger'>1 failed</span>
</div>
<table class='table table-sm mt-4'>
<thead>
<tr>
<th class="status-col">Status</th>
<th class="timestamp-col">Timestamp</th>
<th>TestName</th>
</tr>
</thead>
<tbody>
<tr class="tag-test-status" status="fail">
<td><span class="badge log fail-bg">Fail</span></td>
<td>19:54:47 PM</td>
<td>
<a href="#" class="linked" test-id='84' id='310'>When The user clicks the run button without entring the code in the Editor</a>
<div class="">
<span class="badge badge-default">To Automate the page of Array.Python Editor page without data.When The user clicks the run button without entring the code in the Editor</span>
</div>
</td>
</tr>
</tbody>
</table>
</div>
</li>
<li class="test-item">
<div class="test-detail">
<span class="meta">
<span class='badge log badge-danger'>2</span>
</span>
<p class="name">java.lang.AssertionError</p>
<p class="duration text-sm">2 tests</p>
</div>
<div class="test-contents d-none">
<div class="info">
<h4>java.lang.AssertionError</h4>
<span status="fail" class='badge log badge-danger'>2 failed</span>
</div>
<table class='table table-sm mt-4'>
<thead>
<tr>
<th class="status-col">Status</th>
<th class="timestamp-col">Timestamp</th>
<th>TestName</th>
</tr>
</thead>
<tbody>
<tr class="tag-test-status" status="fail">
<td><span class="badge log fail-bg">Fail</span></td>
<td>19:54:34 PM</td>
<td>
<a href="#" class="linked" test-id='84' id='101'>Then The user should be redirected to a page having an Python Editor with a url "https://dsportalapp.herokuapp.com/tryEditor"</a>
<div class="">
<span class="badge badge-default">To Automate the page of Array.Time Complexity Page.Then The user should be redirected to a page having an Python Editor with a url "https://dsportalapp.herokuapp.com/tryEditor"</span>
</div>
</td>
</tr>
<tr class="tag-test-status" status="fail">
<td><span class="badge log fail-bg">Fail</span></td>
<td>19:54:41 PM</td>
<td>
<a href="#" class="linked" test-id='84' id='191'>Then The user should be redirected to a page having an Python Editor with a url "https://dsportalapp.herokuapp.com/tryEditor"</a>
<div class="">
<span class="badge badge-default">To Automate the page of Array.Array Using List Page.Then The user should be redirected to a page having an Python Editor with a url "https://dsportalapp.herokuapp.com/tryEditor"</span>
</div>
</td>
</tr>
</tbody>
</table>
</div>
</li>
<li class="test-item">
<div class="test-detail">
<span class="meta">
<span class='badge log badge-danger'>1</span>
</span>
<p class="name">org.openqa.selenium.json.JsonException</p>
<p class="duration text-sm">1 tests</p>
</div>
<div class="test-contents d-none">
<div class="info">
<h4>org.openqa.selenium.json.JsonException</h4>
<span status="fail" class='badge log badge-danger'>1 failed</span>
</div>
<table class='table table-sm mt-4'>
<thead>
<tr>
<th class="status-col">Status</th>
<th class="timestamp-col">Timestamp</th>
<th>TestName</th>
</tr>
</thead>
<tbody>
<tr class="tag-test-status" status="fail">
<td><span class="badge log fail-bg">Fail</span></td>
<td>19:54:43 PM</td>
<td>
<a href="#" class="linked" test-id='84' id='240'>And enters the data in the Editor after reading data from excel sheet "Python_code" with column_name "Python_Invalid_Data" and row_number 2</a>
<div class="">
<span class="badge badge-default">To Automate the page of Array.Python Editor page with Invalid data.And enters the data in the Editor after reading data from excel sheet "Python_code" with column_name "Python_Invalid_Data" and row_number 2</span>
</div>
</td>
</tr>
</tbody>
</table>
</div>
</li>
<li class="test-item">
<div class="test-detail">
<span class="meta">
<span class='badge log badge-danger'>6</span>
</span>
<p class="name">org.openqa.selenium.NoSuchElementException</p>
<p class="duration text-sm">6 tests</p>
</div>
<div class="test-contents d-none">
<div class="info">
<h4>org.openqa.selenium.NoSuchElementException</h4>
<span status="fail" class='badge log badge-danger'>6 failed</span>
</div>
<table class='table table-sm mt-4'>
<thead>
<tr>
<th class="status-col">Status</th>
<th class="timestamp-col">Timestamp</th>
<th>TestName</th>
</tr>
</thead>
<tbody>
<tr class="tag-test-status" status="fail">
<td><span class="badge log fail-bg">Fail</span></td>
<td>19:54:37 PM</td>
<td>
<a href="#" class="linked" test-id='84' id='121'>And enters data in the Editor after reading data from excel sheet "Python_code" with column_name "Python_Valid_Data" and row_number 2</a>
<div class="">
<span class="badge badge-default">To Automate the page of Array.Python Editor page with valid data.And enters data in the Editor after reading data from excel sheet "Python_code" with column_name "Python_Valid_Data" and row_number 2</span>
</div>
</td>
</tr>
<tr class="tag-test-status" status="fail">
<td><span class="badge log fail-bg">Fail</span></td>
<td>19:54:42 PM</td>
<td>
<a href="#" class="linked" test-id='84' id='196'>When The user clicks the run button without entring the code in the Editor</a>
<div class="">
<span class="badge badge-default">To Automate the page of Array.Python Editor page without data.When The user clicks the run button without entring the code in the Editor</span>
</div>
</td>
</tr>
<tr class="tag-test-status" status="fail">
<td><span class="badge log fail-bg">Fail</span></td>
<td>19:54:42 PM</td>
<td>
<a href="#" class="linked" test-id='84' id='202'>And enters the data in the Editor after reading data from excel sheet "Python_code" with column_name "Python_Invalid_Data" and row_number 2</a>
<div class="">
<span class="badge badge-default">To Automate the page of Array.Python Editor page with Invalid data.And enters the data in the Editor after reading data from excel sheet "Python_code" with column_name "Python_Invalid_Data" and row_number 2</span>
</div>
</td>
</tr>
<tr class="tag-test-status" status="fail">
<td><span class="badge log fail-bg">Fail</span></td>
<td>19:54:47 PM</td>
<td>
<a href="#" class="linked" test-id='84' id='304'>When The user clicks Max consecutive ones link</a>
<div class="">
<span class="badge badge-default">To Automate the page of Array.Practice Questions page.When The user clicks Max consecutive ones link</span>
</div>
</td>
</tr>
<tr class="tag-test-status" status="fail">
<td><span class="badge log fail-bg">Fail</span></td>
<td>19:54:49 PM</td>
<td>
<a href="#" class="linked" test-id='84' id='336'>When The user clicks Find numbers with even number of digits link</a>
<div class="">
<span class="badge badge-default">To Automate the page of Array.Practice Questions page.When The user clicks Find numbers with even number of digits link</span>
</div>
</td>
</tr>
<tr class="tag-test-status" status="fail">
<td><span class="badge log fail-bg">Fail</span></td>
<td>19:54:50 PM</td>
<td>
<a href="#" class="linked" test-id='84' id='368'>When The user clicks squared of the sorted array link</a>
<div class="">
<span class="badge badge-default">To Automate the page of Array.Practice Questions page.When The user clicks squared of the sorted array link</span>
</div>
</td>
</tr>
</tbody>
</table>
</div>
</li>
<li class="test-item">
<div class="test-detail">
<span class="meta">
<span class='badge log badge-danger'>1</span>
</span>
<p class="name">io.cucumber.core.exception.CucumberException</p>
<p class="duration text-sm">1 tests</p>
</div>
<div class="test-contents d-none">
<div class="info">
<h4>io.cucumber.core.exception.CucumberException</h4>
<span status="fail" class='badge log badge-danger'>1 failed</span>
</div>
<table class='table table-sm mt-4'>
<thead>
<tr>
<th class="status-col">Status</th>
<th class="timestamp-col">Timestamp</th>
<th>TestName</th>
</tr>
</thead>
<tbody>
<tr class="tag-test-status" status="fail">
<td><span class="badge log fail-bg">Fail</span></td>
<td>19:54:45 PM</td>
<td>
<a href="#" class="linked" test-id='84' id='267'>Then The user should be redirected to practice page having links like "Search the array." ,"Max Consecutive Ones","Find Numbers with Even Number of Digits" and "Squares of a Sorted Array."</a>
<div class="">
<span class="badge badge-default">To Automate the page of Array.Application of Array page.Then The user should be redirected to practice page having links like "Search the array." ,"Max Consecutive Ones","Find Numbers with Even Number of Digits" and "Squares of a Sorted Array."</span>
</div>
</td>
</tr>
</tbody>
</table>
</div>
</li>
</ul>
</div>
</div>
<div class="test-content scrollable">
<div class="test-content-detail">
<div class="detail-body"></div>
</div>
</div>
</div>        </div>
      </div>
    </div>
  </div>
<script src="https://cdn.jsdelivr.net/gh/extent-framework/extent-github-cdn@d6562a79075e061305ccfdb82f01e5e195e2d307/spark/js/spark-script.js"></script>
<script type="text/javascript"></script></body>
</html>